<?xml version="1.0" encoding="UTF-8"?>
<!-- Generated by org.testng.reporters.JUnitReportReporter -->
<testsuite ignored="0" hostname="IDMAC008s-MacBook-Pro.local" failures="0" tests="1" name="android.ninetynine.ldp.enquiry.C1347_LDP_Unver_MustSee_PhoneEnquiry" time="125.849" errors="0" timestamp="19 Feb 2021 14:39:31 GMT" skipped="0">
  <testcase classname="android.ninetynine.ldp.enquiry.C1347_LDP_Unver_MustSee_PhoneEnquiry" name="C1347_LDP_Unver_MustSee_Phone_Enquiry" time="125.849"/>
</testsuite> <!-- android.ninetynine.ldp.enquiry.C1347_LDP_Unver_MustSee_PhoneEnquiry -->
