<?xml version="1.0" encoding="UTF-8"?>
<!-- Generated by org.testng.reporters.JUnitReportReporter -->
<testsuite ignored="0" hostname="IDMAC008s-MacBook-Pro.local" failures="0" tests="1" name="android.ninetynine.login.Regression_Login" time="93.887" errors="0" timestamp="28 Jan 2021 08:43:47 GMT" skipped="0">
  <testcase classname="android.ninetynine.login.Regression_Login" name="Regression_Login_Account" time="93.887"/>
</testsuite> <!-- android.ninetynine.login.Regression_Login -->
