<?xml version="1.0" encoding="UTF-8"?>
<!-- Generated by org.testng.reporters.JUnitReportReporter -->
<testsuite ignored="0" hostname="IDMAC008s-MacBook-Pro.local" failures="0" tests="1" name="android.ninetynine.srp.enquiry.C1049_UserNotFillName" time="99.743" errors="0" timestamp="10 Feb 2021 07:29:37 GMT" skipped="0">
  <testcase classname="android.ninetynine.srp.enquiry.C1049_UserNotFillName" name="C1049_UserNotFill_Name" time="99.743"/>
</testsuite> <!-- android.ninetynine.srp.enquiry.C1049_UserNotFillName -->
