<?xml version="1.0" encoding="UTF-8"?>
<!-- Generated by org.testng.reporters.JUnitReportReporter -->
<testsuite ignored="0" hostname="IDMAC008s-MacBook-Pro.local" failures="0" tests="1" name="android.r123.auth.C1_Login" time="101.267" errors="0" timestamp="23 Feb 2021 13:18:53 GMT" skipped="0">
  <testcase classname="android.r123.auth.C1_Login" name="C1Login" time="101.267"/>
</testsuite> <!-- android.r123.auth.C1_Login -->
