<?xml version="1.0" encoding="UTF-8"?>
<!-- Generated by org.testng.reporters.JUnitReportReporter -->
<testsuite name="com.telkomsel.android.vmp.phase3.drop3.pubmatic.TC83_Drop1_Regression_Pubmatic_Midroll_Banner" tests="1" time="144.383" ignored="0" failures="0" timestamp="12 Feb 2020 09:15:51 GMT" skipped="0" hostname="L-156170068" errors="0">
  <testcase name="TC72_Pubmatic_Midroll_Played" time="144.383" classname="com.telkomsel.android.vmp.phase3.drop3.pubmatic.TC83_Drop1_Regression_Pubmatic_Midroll_Banner"/>
</testsuite> <!-- com.telkomsel.android.vmp.phase3.drop3.pubmatic.TC83_Drop1_Regression_Pubmatic_Midroll_Banner -->
