<?xml version="1.0" encoding="UTF-8"?>
<!-- Generated by org.testng.reporters.JUnitReportReporter -->
<testsuite name="com.telkomsel.android.vmp.test.TC73_Drop1_Regression_Pubmatic_Midroll_Banner" tests="1" time="156.061" ignored="0" failures="0" timestamp="06 Nov 2019 09:23:45 GMT" skipped="0" hostname="L-156170068" errors="0">
  <testcase name="TC72_Pubmatic_Midroll_Played" time="156.061" classname="com.telkomsel.android.vmp.test.TC73_Drop1_Regression_Pubmatic_Midroll_Banner"/>
</testsuite> <!-- com.telkomsel.android.vmp.test.TC73_Drop1_Regression_Pubmatic_Midroll_Banner -->
