<?xml version="1.0" encoding="UTF-8"?>
<!-- Generated by org.testng.reporters.JUnitReportReporter -->
<testsuite name="com.telkomsel.android.vmp.test.TC27_Drop1_Regression_Share_Facebook" tests="1" time="139.184" ignored="0" failures="0" timestamp="18 Nov 2019 10:45:46 GMT" skipped="0" hostname="L-156170068" errors="0">
  <testcase name="TC27_Content_Share_Facebook" time="139.184" classname="com.telkomsel.android.vmp.test.TC27_Drop1_Regression_Share_Facebook"/>
</testsuite> <!-- com.telkomsel.android.vmp.test.TC27_Drop1_Regression_Share_Facebook -->
