<?xml version="1.0" encoding="UTF-8"?>
<!-- Generated by org.testng.reporters.JUnitReportReporter -->
<testsuite name="android.ninetynine.pagerendering.C20_PageRendering_CreateListing_MustSee" tests="1" time="203.350" ignored="0" failures="0" timestamp="29 Dec 2020 17:46:00 GMT" skipped="0" hostname="daniamrth" errors="0">
  <testcase name="C20_PageRendering_CreateListing_MustSee" time="203.350" classname="android.ninetynine.pagerendering.C20_PageRendering_CreateListing_MustSee"/>
</testsuite> <!-- android.ninetynine.pagerendering.C20_PageRendering_CreateListing_MustSee -->
