<?xml version="1.0" encoding="UTF-8"?>
<!-- Generated by org.testng.reporters.JUnitReportReporter -->
<testsuite ignored="0" hostname="IDMAC008s-MacBook-Pro.local" failures="0" tests="1" name="android.ninetynine.ldp.enquiry.C1348_LDP_Ver_MustSee_PhoneEnquiry" time="118.652" errors="0" timestamp="19 Feb 2021 14:39:31 GMT" skipped="0">
  <testcase classname="android.ninetynine.ldp.enquiry.C1348_LDP_Ver_MustSee_PhoneEnquiry" name="C1348_LDP_Ver_MustSee_Phone_Enquiry" time="118.652"/>
</testsuite> <!-- android.ninetynine.ldp.enquiry.C1348_LDP_Ver_MustSee_PhoneEnquiry -->
