<?xml version="1.0" encoding="UTF-8"?>
<!-- Generated by org.testng.reporters.JUnitReportReporter -->
<testsuite name="com.telkomsel.android.vmp.test.TC111_Drop1_Regression_Hbo_Nonlogin" tests="1" time="101.503" ignored="0" failures="0" timestamp="13 Nov 2019 04:01:45 GMT" skipped="0" hostname="L-156170068" errors="0">
  <testcase name="TC111_Hbo_Nonlogin" time="101.503" classname="com.telkomsel.android.vmp.test.TC111_Drop1_Regression_Hbo_Nonlogin"/>
</testsuite> <!-- com.telkomsel.android.vmp.test.TC111_Drop1_Regression_Hbo_Nonlogin -->
