<?xml version="1.0" encoding="UTF-8"?>
<!-- Generated by org.testng.reporters.JUnitReportReporter -->
<testsuite name="com.telkomsel.android.vmp.test.ciam.TC060_Drop2_Regression" tests="1" time="145.631" ignored="0" failures="0" timestamp="02 Dec 2019 09:13:14 GMT" skipped="0" hostname="L-156170068" errors="0">
  <testcase name="TC060_Free_Content" time="145.631" classname="com.telkomsel.android.vmp.test.ciam.TC060_Drop2_Regression"/>
</testsuite> <!-- com.telkomsel.android.vmp.test.ciam.TC060_Drop2_Regression -->
