<?xml version="1.0" encoding="UTF-8"?>
<!-- Generated by org.testng.reporters.JUnitReportReporter -->
<testsuite name="com.telkomsel.android.vmp.test.Group1_Regression_Post_NewTestCases_SupportFAQTest" tests="1" time="150.447" ignored="0" failures="0" timestamp="08 Oct 2019 03:17:56 GMT" skipped="0" hostname="L-156182171" errors="0">
  <testcase name="testSupportFAQ" time="150.447" classname="com.telkomsel.android.vmp.test.Group1_Regression_Post_NewTestCases_SupportFAQTest"/>
</testsuite> <!-- com.telkomsel.android.vmp.test.Group1_Regression_Post_NewTestCases_SupportFAQTest -->
