<?xml version="1.0" encoding="UTF-8"?>
<!-- Generated by org.testng.reporters.JUnitReportReporter -->
<testsuite ignored="0" hostname="IDMAC008s-MacBook-Pro.local" failures="0" tests="1" name="android.ninetynine.ldp.enquiry.C1340_Ldp_LoginVer_MustSee_ChatEnquiry" time="157.199" errors="0" timestamp="22 Feb 2021 16:10:49 GMT" skipped="0">
  <testcase classname="android.ninetynine.ldp.enquiry.C1340_Ldp_LoginVer_MustSee_ChatEnquiry" name="C1340_LDP_LoginVer_MustSee_Chat_Enquiry" time="157.199"/>
</testsuite> <!-- android.ninetynine.ldp.enquiry.C1340_Ldp_LoginVer_MustSee_ChatEnquiry -->
