<?xml version="1.0" encoding="UTF-8"?>
<!-- Generated by org.testng.reporters.JUnitReportReporter -->
<testsuite name="com.telkomsel.android.vmp.test.TC166_Drop1_Regression_Share_Viber" tests="1" time="109.896" ignored="0" failures="0" timestamp="14 Nov 2019 03:54:22 GMT" skipped="0" hostname="L-156170068" errors="0">
  <testcase name="TC166_Content_Share_Viber" time="109.896" classname="com.telkomsel.android.vmp.test.TC166_Drop1_Regression_Share_Viber"/>
</testsuite> <!-- com.telkomsel.android.vmp.test.TC166_Drop1_Regression_Share_Viber -->
