<?xml version="1.0" encoding="UTF-8"?>
<!-- Generated by org.testng.reporters.JUnitReportReporter -->
<testsuite name="com.telkomsel.android.vmp.test.Group2_Regression_PostLoginBrowseFlow_MenuNavigation" tests="1" time="243.532" ignored="0" failures="0" timestamp="08 Oct 2019 09:00:45 GMT" skipped="0" hostname="L-156182171" errors="0">
  <testcase name="Group2_Regression_PostLoginBrowse_Flow" time="243.532" classname="com.telkomsel.android.vmp.test.Group2_Regression_PostLoginBrowseFlow_MenuNavigation"/>
</testsuite> <!-- com.telkomsel.android.vmp.test.Group2_Regression_PostLoginBrowseFlow_MenuNavigation -->
