<?xml version="1.0" encoding="UTF-8"?>
<!-- Generated by org.testng.reporters.JUnitReportReporter -->
<testsuite name="android.ninetynine.pagerendering.C12_PageRendering_LDP_Reg_NonLogin" tests="1" time="111.185" ignored="0" failures="0" timestamp="29 Dec 2020 16:16:42 GMT" skipped="0" hostname="daniamrth" errors="0">
  <testcase name="C12_PageRendering_LDP_Reg_Non_Login" time="111.185" classname="android.ninetynine.pagerendering.C12_PageRendering_LDP_Reg_NonLogin"/>
</testsuite> <!-- android.ninetynine.pagerendering.C12_PageRendering_LDP_Reg_NonLogin -->
