<?xml version="1.0" encoding="UTF-8"?>
<!-- Generated by org.testng.reporters.JUnitReportReporter -->
<testsuite name="android.ninetynine.auth.Regression_Login" tests="1" time="84.099" ignored="0" failures="0" timestamp="15 Oct 2020 09:27:35 GMT" skipped="0" hostname="daniamrth" errors="0">
  <testcase name="Regression_Login_Account" time="84.099" classname="android.ninetynine.auth.Regression_Login"/>
</testsuite> <!-- android.ninetynine.auth.Regression_Login -->
