<?xml version="1.0" encoding="UTF-8"?>
<!-- Generated by org.testng.reporters.JUnitReportReporter -->
<testsuite name="com.telkomsel.android.vmp.test.Drop1_Regression_Amobee_Preroll" tests="1" time="97.965" ignored="0" failures="0" timestamp="30 Oct 2019 05:01:32 GMT" skipped="0" hostname="L-156170068" errors="0">
  <testcase name="Amobee_Preroll_Played" time="97.965" classname="com.telkomsel.android.vmp.test.Drop1_Regression_Amobee_Preroll"/>
</testsuite> <!-- com.telkomsel.android.vmp.test.Drop1_Regression_Amobee_Preroll -->
