<?xml version="1.0" encoding="UTF-8"?>
<!-- Generated by org.testng.reporters.JUnitReportReporter -->
<testsuite name="com.telkomsel.android.vmp.test.TC160_Drop1_Regression_Share_Skype" tests="1" time="135.367" ignored="0" failures="0" timestamp="14 Nov 2019 07:53:01 GMT" skipped="0" hostname="L-156170068" errors="0">
  <testcase name="TC160_Content_Share_Skype" time="135.367" classname="com.telkomsel.android.vmp.test.TC160_Drop1_Regression_Share_Skype"/>
</testsuite> <!-- com.telkomsel.android.vmp.test.TC160_Drop1_Regression_Share_Skype -->
