<?xml version="1.0" encoding="UTF-8"?>
<!-- Generated by org.testng.reporters.JUnitReportReporter -->
<testsuite name="com.telkomsel.android.vmp.test.ciam.TC021_Drop2_Regression_Resend" tests="1" time="187.276" ignored="0" failures="0" timestamp="02 Dec 2019 08:05:17 GMT" skipped="0" hostname="L-156170068" errors="0">
  <testcase name="TC20_NonTsel_Login" time="187.276" classname="com.telkomsel.android.vmp.test.ciam.TC021_Drop2_Regression_Resend"/>
</testsuite> <!-- com.telkomsel.android.vmp.test.ciam.TC021_Drop2_Regression_Resend -->
