<?xml version="1.0" encoding="UTF-8"?>
<!-- Generated by org.testng.reporters.JUnitReportReporter -->
<testsuite name="com.telkomsel.android.vmp.phase3.drop1.amobee.TC012toTC015_Drop1_Regression_Amobee_AdTest1" tests="1" time="271.556" ignored="0" failures="0" timestamp="11 Feb 2020 08:49:43 GMT" skipped="0" hostname="L-156170068" errors="0">
  <testcase name="TC12toTC15_Amobee_Preroll_Played" time="271.556" classname="com.telkomsel.android.vmp.phase3.drop1.amobee.TC012toTC015_Drop1_Regression_Amobee_AdTest1"/>
</testsuite> <!-- com.telkomsel.android.vmp.phase3.drop1.amobee.TC012toTC015_Drop1_Regression_Amobee_AdTest1 -->
