<?xml version="1.0" encoding="UTF-8"?>
<!-- Generated by org.testng.reporters.JUnitReportReporter -->
<testsuite ignored="0" hostname="IDMAC008s-MacBook-Pro.local" failures="0" tests="1" name="android.ninetynine.auth.C1_Login" time="97.769" errors="0" timestamp="23 Feb 2021 13:10:25 GMT" skipped="0">
  <testcase classname="android.ninetynine.auth.C1_Login" name="C1Login" time="97.769"/>
</testsuite> <!-- android.ninetynine.auth.C1_Login -->
