<?xml version="1.0" encoding="UTF-8"?>
<!-- Generated by org.testng.reporters.JUnitReportReporter -->
<testsuite ignored="0" hostname="IDMAC008s-MacBook-Pro.local" failures="0" tests="1" name="android.ninetynine.ldp.enquiry.C1345_LDP_LoginVer_Reg_ChatEnquiry" time="165.989" errors="0" timestamp="22 Feb 2021 16:10:49 GMT" skipped="0">
  <testcase classname="android.ninetynine.ldp.enquiry.C1345_LDP_LoginVer_Reg_ChatEnquiry" name="C1345_LDP_LoginVer_Reg_Chat_Enquiry" time="165.989"/>
</testsuite> <!-- android.ninetynine.ldp.enquiry.C1345_LDP_LoginVer_Reg_ChatEnquiry -->
