<?xml version="1.0" encoding="UTF-8"?>
<!-- Generated by org.testng.reporters.JUnitReportReporter -->
<testsuite ignored="0" hostname="IDMAC008s-MacBook-Pro.local" failures="0" tests="1" name="android.ninetynine.ldp.enquiry.C1337_LDP_Unver_MustSee_ChatEnquiry" time="135.487" errors="0" timestamp="22 Feb 2021 16:10:49 GMT" skipped="0">
  <testcase classname="android.ninetynine.ldp.enquiry.C1337_LDP_Unver_MustSee_ChatEnquiry" name="C1337_LDP_Unver_MustSee_Chat_Enquiry" time="135.487"/>
</testsuite> <!-- android.ninetynine.ldp.enquiry.C1337_LDP_Unver_MustSee_ChatEnquiry -->
