<?xml version="1.0" encoding="UTF-8"?>
<!-- Generated by org.testng.reporters.JUnitReportReporter -->
<testsuite name="com.telkomsel.android.vmp.test.TC159_Drop1_Regression_Share_Viber" tests="1" time="250.241" ignored="0" failures="0" timestamp="14 Nov 2019 08:04:21 GMT" skipped="0" hostname="L-156170068" errors="0">
  <testcase name="TC159_Content_Share_Viber" time="250.241" classname="com.telkomsel.android.vmp.test.TC159_Drop1_Regression_Share_Viber"/>
</testsuite> <!-- com.telkomsel.android.vmp.test.TC159_Drop1_Regression_Share_Viber -->
