<?xml version="1.0" encoding="UTF-8"?>
<!-- Generated by org.testng.reporters.JUnitReportReporter -->
<testsuite name="com.telkomsel.android.vmp.test.TC020_Drop2_Regression_NonTsel_Login" tests="1" time="250.808" ignored="0" failures="0" timestamp="19 Nov 2019 09:49:11 GMT" skipped="0" hostname="L-156170068" errors="0">
  <testcase name="TC20_NonTsel_Login" time="250.808" classname="com.telkomsel.android.vmp.test.TC020_Drop2_Regression_NonTsel_Login"/>
</testsuite> <!-- com.telkomsel.android.vmp.test.TC020_Drop2_Regression_NonTsel_Login -->
