<?xml version="1.0" encoding="UTF-8"?>
<!-- Generated by org.testng.reporters.JUnitReportReporter -->
<testsuite name="com.telkomsel.android.vmp.test.Group1_Regression_Pre_Browse_ViuHomepage" tests="1" time="217.979" ignored="0" failures="0" timestamp="04 Oct 2019 06:36:05 GMT" skipped="0" hostname="L-156182171" errors="0">
  <testcase name="Test_Regression_Pre_Browse_ViuHomepage" time="217.979" classname="com.telkomsel.android.vmp.test.Group1_Regression_Pre_Browse_ViuHomepage"/>
</testsuite> <!-- com.telkomsel.android.vmp.test.Group1_Regression_Pre_Browse_ViuHomepage -->
