<?xml version="1.0" encoding="UTF-8"?>
<!-- Generated by org.testng.reporters.JUnitReportReporter -->
<testsuite ignored="0" hostname="IDMAC008s-MacBook-Pro.local" failures="0" tests="1" name="android.ninetynine.ldp.enquiry.C1351_LDP_NoAcc_Reg_PhoneEnquiry" time="144.786" errors="0" timestamp="19 Feb 2021 14:39:31 GMT" skipped="0">
  <testcase classname="android.ninetynine.ldp.enquiry.C1351_LDP_NoAcc_Reg_PhoneEnquiry" name="C1351_LDP_NoAcc_Reg_Phone_Enquiry" time="144.786"/>
</testsuite> <!-- android.ninetynine.ldp.enquiry.C1351_LDP_NoAcc_Reg_PhoneEnquiry -->
