<?xml version="1.0" encoding="UTF-8"?>
<!-- Generated by org.testng.reporters.JUnitReportReporter -->
<testsuite name="android.ninetynine.pagerendering.C8_PageRendering_LDP_MustSee_NonLogin" tests="1" time="108.420" ignored="0" failures="0" timestamp="29 Dec 2020 15:10:44 GMT" skipped="0" hostname="daniamrth" errors="0">
  <testcase name="C8_PageRendering_LDP_Must_See_NonLogin" time="108.420" classname="android.ninetynine.pagerendering.C8_PageRendering_LDP_MustSee_NonLogin"/>
</testsuite> <!-- android.ninetynine.pagerendering.C8_PageRendering_LDP_MustSee_NonLogin -->
