<?xml version="1.0" encoding="UTF-8"?>
<!-- Generated by org.testng.reporters.JUnitReportReporter -->
<testsuite name="com.telkomsel.android.vmp.test.TC84_Drop1_Regression_Pubmatic_Midroll_Banner_Login" tests="1" time="313.131" ignored="0" failures="0" timestamp="07 Nov 2019 04:32:19 GMT" skipped="0" hostname="L-156170068" errors="0">
  <testcase name="TC84_Pubmatic_Midroll_Banner" time="313.131" classname="com.telkomsel.android.vmp.test.TC84_Drop1_Regression_Pubmatic_Midroll_Banner_Login"/>
</testsuite> <!-- com.telkomsel.android.vmp.test.TC84_Drop1_Regression_Pubmatic_Midroll_Banner_Login -->
