<?xml version="1.0" encoding="UTF-8"?>
<!-- Generated by org.testng.reporters.JUnitReportReporter -->
<testsuite name="com.telkomsel.android.vmp.test.TC64_Drop1_Regression_Pubmatic_Preroll_Noskip" tests="1" time="93.483" ignored="0" failures="0" timestamp="30 Oct 2019 10:51:46 GMT" skipped="0" hostname="L-156170068" errors="0">
  <testcase name="Test_Regression_Pre_TestCases_Search" time="93.483" classname="com.telkomsel.android.vmp.test.TC64_Drop1_Regression_Pubmatic_Preroll_Noskip"/>
</testsuite> <!-- com.telkomsel.android.vmp.test.TC64_Drop1_Regression_Pubmatic_Preroll_Noskip -->
