<?xml version="1.0" encoding="UTF-8"?>
<!-- Generated by org.testng.reporters.JUnitReportReporter -->
<testsuite name="android.ninetynine.pagerendering.C33422_PageRendering_CreateListing_Reg" tests="1" time="243.872" ignored="0" failures="0" timestamp="30 Dec 2020 19:17:54 GMT" skipped="0" hostname="daniamrth" errors="0">
  <testcase name="C21_PageRendering_Create_Listing_Reg" time="243.872" classname="android.ninetynine.pagerendering.C33422_PageRendering_CreateListing_Reg"/>
</testsuite> <!-- android.ninetynine.pagerendering.C33422_PageRendering_CreateListing_Reg -->
