<?xml version="1.0" encoding="UTF-8"?>
<!-- Generated by org.testng.reporters.JUnitReportReporter -->
<testsuite ignored="0" hostname="IDMAC008s-MacBook-Pro.local" failures="0" tests="1" name="android.ninetynine.ldp.enquiry.C1341_LDP_NoAcc_Reg_ChatEnquiry" time="139.584" errors="0" timestamp="22 Feb 2021 16:10:49 GMT" skipped="0">
  <testcase classname="android.ninetynine.ldp.enquiry.C1341_LDP_NoAcc_Reg_ChatEnquiry" name="C1341_LDP_NoAcc_Reg_Chat_Enquiry" time="139.584"/>
</testsuite> <!-- android.ninetynine.ldp.enquiry.C1341_LDP_NoAcc_Reg_ChatEnquiry -->
