<?xml version="1.0" encoding="UTF-8"?>
<!-- Generated by org.testng.reporters.JUnitReportReporter -->
<testsuite name="com.telkomsel.android.vmp.test.Drop1_Regression_Amobee_Midroll" tests="1" time="129.491" ignored="0" failures="0" timestamp="30 Oct 2019 07:40:45 GMT" skipped="0" hostname="L-156170068" errors="0">
  <testcase name="Amobee_Preroll_Played" time="129.491" classname="com.telkomsel.android.vmp.test.Drop1_Regression_Amobee_Midroll"/>
</testsuite> <!-- com.telkomsel.android.vmp.test.Drop1_Regression_Amobee_Midroll -->
