<?xml version="1.0" encoding="UTF-8"?>
<!-- Generated by org.testng.reporters.JUnitReportReporter -->
<testsuite name="com.telkomsel.android.vmp.test.TC15_Drop1_Regression_Amobee_Midroll" tests="1" time="91.610" ignored="0" failures="0" timestamp="18 Nov 2019 03:53:43 GMT" skipped="0" hostname="L-156170068" errors="0">
  <testcase name="TC15_Amobee_Midroll_Played" time="91.610" classname="com.telkomsel.android.vmp.test.TC15_Drop1_Regression_Amobee_Midroll"/>
</testsuite> <!-- com.telkomsel.android.vmp.test.TC15_Drop1_Regression_Amobee_Midroll -->
