<?xml version="1.0" encoding="UTF-8"?>
<!-- Generated by org.testng.reporters.JUnitReportReporter -->
<testsuite name="android.ninetynine.enquiry.C1336_LDP_NoAcc_MustSee_ChatEnquiry" tests="1" time="185.668" ignored="0" failures="0" timestamp="24 Nov 2020 15:14:24 GMT" skipped="0" hostname="daniamrth" errors="0">
  <testcase name="C1336_LDP_NoAcc_MustSee_Chat_Enquiry" time="185.668" classname="android.ninetynine.enquiry.C1336_LDP_NoAcc_MustSee_ChatEnquiry"/>
</testsuite> <!-- android.ninetynine.enquiry.C1336_LDP_NoAcc_MustSee_ChatEnquiry -->
