<?xml version="1.0" encoding="UTF-8"?>
<!-- Generated by org.testng.reporters.JUnitReportReporter -->
<testsuite name="com.telkomsel.android.vmp.test.ciam.TC057_Drop2_Regression_NonTsel" tests="1" time="189.853" ignored="0" failures="0" timestamp="04 Dec 2019 08:55:47 GMT" skipped="0" hostname="L-156170068" errors="0">
  <testcase name="TC057_NonTsel" time="189.853" classname="com.telkomsel.android.vmp.test.ciam.TC057_Drop2_Regression_NonTsel"/>
</testsuite> <!-- com.telkomsel.android.vmp.test.ciam.TC057_Drop2_Regression_NonTsel -->
