<?xml version="1.0" encoding="UTF-8"?>
<!-- Generated by org.testng.reporters.JUnitReportReporter -->
<testsuite name="com.telkomsel.android.vmp.test.Group1_Regression_Post_Browser_ViuGenre" tests="1" time="238.279" ignored="0" failures="0" timestamp="07 Oct 2019 09:00:09 GMT" skipped="0" hostname="L-156182171" errors="0">
  <testcase name="Test_Regression_Post_Browser_ViuGenre" time="238.279" classname="com.telkomsel.android.vmp.test.Group1_Regression_Post_Browser_ViuGenre"/>
</testsuite> <!-- com.telkomsel.android.vmp.test.Group1_Regression_Post_Browser_ViuGenre -->
