<?xml version="1.0" encoding="UTF-8"?>
<!-- Generated by org.testng.reporters.JUnitReportReporter -->
<testsuite name="com.telkomsel.android.vmp.test.Group1_Regression_Post_NewTestCases_PackagesTAndC" tests="1" time="110.059" ignored="0" failures="0" timestamp="08 Oct 2019 02:52:50 GMT" skipped="0" hostname="L-156182171" errors="0">
  <testcase name="PackageTAndC" time="110.059" classname="com.telkomsel.android.vmp.test.Group1_Regression_Post_NewTestCases_PackagesTAndC"/>
</testsuite> <!-- com.telkomsel.android.vmp.test.Group1_Regression_Post_NewTestCases_PackagesTAndC -->
