<?xml version="1.0" encoding="UTF-8"?>
<!-- Generated by org.testng.reporters.JUnitReportReporter -->
<testsuite name="com.telkomsel.android.vmp.test.ciam.TC018_Drop2_Regression_Facebook_Login" tests="1" time="122.169" ignored="0" failures="0" timestamp="28 Nov 2019 08:23:06 GMT" skipped="0" hostname="L-156170068" errors="0">
  <testcase name="TC018_Facebook_Login" time="122.169" classname="com.telkomsel.android.vmp.test.ciam.TC018_Drop2_Regression_Facebook_Login"/>
</testsuite> <!-- com.telkomsel.android.vmp.test.ciam.TC018_Drop2_Regression_Facebook_Login -->
