<?xml version="1.0" encoding="UTF-8"?>
<!-- Generated by org.testng.reporters.JUnitReportReporter -->
<testsuite name="com.telkomsel.android.vmp.test.Group1_Regression_Post_Login_Prepaid_Cycle1_Retest" tests="1" time="160.156" ignored="0" failures="0" timestamp="11 Oct 2019 09:39:43 GMT" skipped="0" hostname="L-156182171" errors="0">
  <testcase name="test_cycle_1_retest" time="160.156" classname="com.telkomsel.android.vmp.test.Group1_Regression_Post_Login_Prepaid_Cycle1_Retest"/>
</testsuite> <!-- com.telkomsel.android.vmp.test.Group1_Regression_Post_Login_Prepaid_Cycle1_Retest -->
