<?xml version="1.0" encoding="UTF-8"?>
<!-- Generated by org.testng.reporters.JUnitReportReporter -->
<testsuite name="com.telkomsel.android.vmp.test.Ads_Amobee_Preroll" tests="1" time="94.514" ignored="0" failures="0" timestamp="29 Oct 2019 10:48:46 GMT" skipped="0" hostname="L-156170068" errors="0">
  <testcase name="Test_Regression_Pre_TestCases_Search" time="94.514" classname="com.telkomsel.android.vmp.test.Ads_Amobee_Preroll"/>
</testsuite> <!-- com.telkomsel.android.vmp.test.Ads_Amobee_Preroll -->
