<?xml version="1.0" encoding="UTF-8"?>
<!-- Generated by org.testng.reporters.JUnitReportReporter -->
<testsuite name="com.telkomsel.android.vmp.test.Group1_Regression_PreLoginBrowseFlow_Nickelodeon" tests="1" time="33.023" ignored="10" failures="0" timestamp="11 Oct 2019 12:03:30 GMT" skipped="0" hostname="L-156182171" errors="1">
  <testcase name="Test_Group1_Regression_PreBrowse_Nickelodeon" time="33.023" classname="com.telkomsel.android.vmp.test.Group1_Regression_PreLoginBrowseFlow_Nickelodeon">
    <error type="java.lang.NullPointerException">
      <![CDATA[java.lang.NullPointerException
	at com.telkomsel.android.vmp.utilities.GeneralUtilities.verifyelemen(GeneralUtilities.java:49)
	at com.telkomsel.android.vmp.utilities.GeneralUtilities.click(GeneralUtilities.java:95)
	at com.telkomsel.android.vmp.pageobjects.LandingPage.clickMenuBar(LandingPage.java:70)
	at com.telkomsel.android.vmp.test.Group1_Regression_PreLoginBrowseFlow_Nickelodeon.Test_Group1_Regression_PreBrowse_Nickelodeon(Group1_Regression_PreLoginBrowseFlow_Nickelodeon.java:23)
	at sun.reflect.NativeMethodAccessorImpl.invoke0(Native Method)
	at sun.reflect.NativeMethodAccessorImpl.invoke(Unknown Source)
	at sun.reflect.DelegatingMethodAccessorImpl.invoke(Unknown Source)
	at java.lang.reflect.Method.invoke(Unknown Source)
	at org.testng.internal.MethodInvocationHelper.invokeMethod(MethodInvocationHelper.java:104)
	at org.testng.internal.Invoker.invokeMethod(Invoker.java:645)
	at org.testng.internal.Invoker.invokeTestMethod(Invoker.java:851)
	at org.testng.internal.Invoker.invokeTestMethods(Invoker.java:1177)
	at org.testng.internal.TestMethodWorker.invokeTestMethods(TestMethodWorker.java:129)
	at org.testng.internal.TestMethodWorker.run(TestMethodWorker.java:112)
	at org.testng.TestRunner.privateRun(TestRunner.java:756)
	at org.testng.TestRunner.run(TestRunner.java:610)
	at org.testng.SuiteRunner.runTest(SuiteRunner.java:387)
	at org.testng.SuiteRunner.runSequentially(SuiteRunner.java:382)
	at org.testng.SuiteRunner.privateRun(SuiteRunner.java:340)
	at org.testng.SuiteRunner.run(SuiteRunner.java:289)
	at org.testng.SuiteRunnerWorker.runSuite(SuiteRunnerWorker.java:52)
	at org.testng.SuiteRunnerWorker.run(SuiteRunnerWorker.java:86)
	at org.testng.TestNG.runSuitesSequentially(TestNG.java:1293)
	at org.testng.TestNG.runSuitesLocally(TestNG.java:1218)
	at org.testng.TestNG.runSuites(TestNG.java:1133)
	at org.testng.TestNG.run(TestNG.java:1104)
	at org.testng.remote.AbstractRemoteTestNG.run(AbstractRemoteTestNG.java:115)
	at org.testng.remote.RemoteTestNG.initAndRun(RemoteTestNG.java:251)
	at org.testng.remote.RemoteTestNG.main(RemoteTestNG.java:77)
]]>
    </error>
  </testcase> <!-- Test_Group1_Regression_PreBrowse_Nickelodeon -->
  <testcase name="tearDown" classname="com.telkomsel.android.vmp.utilities.BaseTest">
    <skipped/>
  </testcase> <!-- tearDown -->
  <testcase name="tearDown" classname="com.telkomsel.android.vmp.utilities.BaseTest">
    <skipped/>
  </testcase> <!-- tearDown -->
  <testcase name="tearDown" classname="com.telkomsel.android.vmp.utilities.BaseTest">
    <skipped/>
  </testcase> <!-- tearDown -->
  <testcase name="tearDown" classname="com.telkomsel.android.vmp.utilities.BaseTest">
    <skipped/>
  </testcase> <!-- tearDown -->
  <testcase name="tearDown" classname="com.telkomsel.android.vmp.utilities.BaseTest">
    <skipped/>
  </testcase> <!-- tearDown -->
  <testcase name="setUp" classname="com.telkomsel.android.vmp.utilities.BaseTest">
    <skipped/>
  </testcase> <!-- setUp -->
  <testcase name="setUp" classname="com.telkomsel.android.vmp.utilities.BaseTest">
    <skipped/>
  </testcase> <!-- setUp -->
  <testcase name="setUp" classname="com.telkomsel.android.vmp.utilities.BaseTest">
    <skipped/>
  </testcase> <!-- setUp -->
  <testcase name="setUp" classname="com.telkomsel.android.vmp.utilities.BaseTest">
    <skipped/>
  </testcase> <!-- setUp -->
  <testcase name="setUp" classname="com.telkomsel.android.vmp.utilities.BaseTest">
    <skipped/>
  </testcase> <!-- setUp -->
</testsuite> <!-- com.telkomsel.android.vmp.test.Group1_Regression_PreLoginBrowseFlow_Nickelodeon -->
