<?xml version="1.0" encoding="UTF-8"?>
<!-- Generated by org.testng.reporters.JUnitReportReporter -->
<testsuite name="com.telkomsel.android.vmp.phase23.drop1.TC012toTC015_Drop1_Regression_Amobee_AdTest1" tests="1" time="138.915" ignored="0" failures="0" timestamp="06 Dec 2019 08:55:49 GMT" skipped="0" hostname="L-156170068" errors="0">
  <testcase name="TC12toTC15_Amobee_Preroll_Played" time="138.915" classname="com.telkomsel.android.vmp.phase23.drop1.TC012toTC015_Drop1_Regression_Amobee_AdTest1"/>
</testsuite> <!-- com.telkomsel.android.vmp.phase23.drop1.TC012toTC015_Drop1_Regression_Amobee_AdTest1 -->
