<?xml version="1.0" encoding="UTF-8"?>
<!-- Generated by org.testng.reporters.JUnitReportReporter -->
<testsuite name="com.telkomsel.android.vmp.test.ciam.TC89_Drop2_Regression_Share_Skype" tests="1" time="149.622" ignored="0" failures="0" timestamp="11 Dec 2019 03:53:59 GMT" skipped="0" hostname="L-156170068" errors="0">
  <testcase name="TC89_Content_Share_Skype" time="149.622" classname="com.telkomsel.android.vmp.test.ciam.TC89_Drop2_Regression_Share_Skype"/>
</testsuite> <!-- com.telkomsel.android.vmp.test.ciam.TC89_Drop2_Regression_Share_Skype -->
