<?xml version="1.0" encoding="UTF-8"?>
<!-- Generated by org.testng.reporters.JUnitReportReporter -->
<testsuite name="com.telkomsel.android.vmp.test.ciam.TC054_Drop2_Regression_Tsel_Relaunch" tests="1" time="162.341" ignored="0" failures="0" timestamp="02 Dec 2019 08:33:31 GMT" skipped="0" hostname="L-156170068" errors="0">
  <testcase name="TC054_Drop2_Tsel_Relaunch" time="162.341" classname="com.telkomsel.android.vmp.test.ciam.TC054_Drop2_Regression_Tsel_Relaunch"/>
</testsuite> <!-- com.telkomsel.android.vmp.test.ciam.TC054_Drop2_Regression_Tsel_Relaunch -->
