<?xml version="1.0" encoding="UTF-8"?>
<!-- Generated by org.testng.reporters.JUnitReportReporter -->
<testsuite name="android.ninetynine.pagerendering.C16_PageRendering_SRP_NonLogin" tests="1" time="93.195" ignored="0" failures="0" timestamp="29 Dec 2020 17:13:56 GMT" skipped="0" hostname="daniamrth" errors="0">
  <testcase name="C16_PageRendering_SRP_Non_Login" time="93.195" classname="android.ninetynine.pagerendering.C16_PageRendering_SRP_NonLogin"/>
</testsuite> <!-- android.ninetynine.pagerendering.C16_PageRendering_SRP_NonLogin -->
