<?xml version="1.0" encoding="UTF-8"?>
<!-- Generated by org.testng.reporters.JUnitReportReporter -->
<testsuite ignored="0" hostname="IDMAC008s-MacBook-Pro.local" failures="0" tests="1" name="android.ninetynine.pagerendering.C33406_PageRendering_User_AgentLogin" time="129.956" errors="0" timestamp="19 Feb 2021 07:05:24 GMT" skipped="0">
  <testcase classname="android.ninetynine.pagerendering.C33406_PageRendering_User_AgentLogin" name="C33406_PageRendering_User_Agent_Login" time="129.956"/>
</testsuite> <!-- android.ninetynine.pagerendering.C33406_PageRendering_User_AgentLogin -->
