<?xml version="1.0" encoding="UTF-8"?>
<!-- Generated by org.testng.reporters.JUnitReportReporter -->
<testsuite name="com.telkomsel.android.vmp.phase23.drop2.TC30_Drop1_Regression_Share_Skype" tests="1" time="87.701" ignored="0" failures="0" timestamp="03 Dec 2019 10:03:29 GMT" skipped="0" hostname="L-156170068" errors="0">
  <testcase name="TC30_Content_Share_Skype" time="87.701" classname="com.telkomsel.android.vmp.phase23.drop2.TC30_Drop1_Regression_Share_Skype"/>
</testsuite> <!-- com.telkomsel.android.vmp.phase23.drop2.TC30_Drop1_Regression_Share_Skype -->
