<?xml version="1.0" encoding="UTF-8"?>
<!-- Generated by org.testng.reporters.JUnitReportReporter -->
<testsuite name="com.telkomsel.android.vmp.test.Group2_Regression_PostLoginBrowseFlow_ProfileSetting" tests="1" time="111.875" ignored="0" failures="0" timestamp="08 Oct 2019 09:42:09 GMT" skipped="0" hostname="L-156182171" errors="0">
  <testcase name="Test_Regression_PostLoginBrowseFlow_ProfileSetting" time="111.875" classname="com.telkomsel.android.vmp.test.Group2_Regression_PostLoginBrowseFlow_ProfileSetting"/>
</testsuite> <!-- com.telkomsel.android.vmp.test.Group2_Regression_PostLoginBrowseFlow_ProfileSetting -->
