<?xml version="1.0" encoding="UTF-8"?>
<!-- Generated by org.testng.reporters.JUnitReportReporter -->
<testsuite ignored="0" hostname="IDMAC008s-MacBook-Pro.local" failures="0" tests="1" name="android.ninetynine.pagerendering.C33405_PageRendering_Homepage_AgentLogin" time="122.302" errors="0" timestamp="19 Feb 2021 07:05:24 GMT" skipped="0">
  <testcase classname="android.ninetynine.pagerendering.C33405_PageRendering_Homepage_AgentLogin" name="C33405_PageRendering_Homepage_Agent_Login" time="122.302"/>
</testsuite> <!-- android.ninetynine.pagerendering.C33405_PageRendering_Homepage_AgentLogin -->
