<?xml version="1.0" encoding="UTF-8"?>
<!-- Generated by org.testng.reporters.JUnitReportReporter -->
<testsuite name="android.ninetynine.pagerendering.C21_PageRendering_CreateListing_Reg" tests="1" time="209.484" ignored="0" failures="0" timestamp="29 Dec 2020 18:02:32 GMT" skipped="0" hostname="daniamrth" errors="0">
  <testcase name="C21_PageRendering_Create_Listing_Reg" time="209.484" classname="android.ninetynine.pagerendering.C21_PageRendering_CreateListing_Reg"/>
</testsuite> <!-- android.ninetynine.pagerendering.C21_PageRendering_CreateListing_Reg -->
