<?xml version="1.0" encoding="UTF-8"?>
<!-- Generated by org.testng.reporters.JUnitReportReporter -->
<testsuite ignored="0" hostname="IDMAC008s-MacBook-Pro.local" failures="0" tests="1" name="android.ninetynine.auth.C1058_ResendOTP" time="151.087" errors="0" timestamp="07 Feb 2021 17:30:16 GMT" skipped="0">
  <testcase classname="android.ninetynine.auth.C1058_ResendOTP" name="C1058_Resend_OTP" time="151.087"/>
</testsuite> <!-- android.ninetynine.auth.C1058_ResendOTP -->
