<?xml version="1.0" encoding="UTF-8"?>
<!-- Generated by org.testng.reporters.JUnitReportReporter -->
<testsuite name="android.ninetynine.srp.enquiry.C1136_SRP_Unver_Reg_ChatEnquiry" tests="1" time="201.693" ignored="0" failures="0" timestamp="31 Dec 2020 10:40:14 GMT" skipped="0" hostname="daniamrth" errors="0">
  <testcase name="C1136_SRP_Unver_Reg_Chat_Enquiry" time="201.693" classname="android.ninetynine.srp.enquiry.C1136_SRP_Unver_Reg_ChatEnquiry"/>
</testsuite> <!-- android.ninetynine.srp.enquiry.C1136_SRP_Unver_Reg_ChatEnquiry -->
