<?xml version="1.0" encoding="UTF-8"?>
<!-- Generated by org.testng.reporters.JUnitReportReporter -->
<testsuite ignored="0" hostname="IDMAC008s-MacBook-Pro.local" failures="0" tests="1" name="android.ninetynine.auth.C1055_SendInvalidOTP" time="161.243" errors="0" timestamp="07 Feb 2021 17:06:27 GMT" skipped="0">
  <testcase classname="android.ninetynine.auth.C1055_SendInvalidOTP" name="C1055_SendInvalid_OTP" time="161.243"/>
</testsuite> <!-- android.ninetynine.auth.C1055_SendInvalidOTP -->
