<?xml version="1.0" encoding="UTF-8"?>
<!-- Generated by org.testng.reporters.JUnitReportReporter -->
<testsuite name="com.telkomsel.android.vmp.test.TC14_Drop1_Regression_Inmobi_Midroll_Banner" tests="1" time="68.287" ignored="0" failures="0" timestamp="06 Nov 2019 05:04:29 GMT" skipped="0" hostname="L-156170068" errors="0">
  <testcase name="TC14_Inmobi_Midroll_Banner" time="68.287" classname="com.telkomsel.android.vmp.test.TC14_Drop1_Regression_Inmobi_Midroll_Banner"/>
</testsuite> <!-- com.telkomsel.android.vmp.test.TC14_Drop1_Regression_Inmobi_Midroll_Banner -->
