<?xml version="1.0" encoding="UTF-8"?>
<!-- Generated by org.testng.reporters.JUnitReportReporter -->
<testsuite name="android.ninetynine.pagerendering.C5_PageRendering_User_AgentLogin" tests="1" time="139.082" ignored="0" failures="0" timestamp="24 Dec 2020 11:09:03 GMT" skipped="0" hostname="daniamrth" errors="0">
  <testcase name="C5_PageRendering_User_Agent_Login" time="139.082" classname="android.ninetynine.pagerendering.C5_PageRendering_User_AgentLogin"/>
</testsuite> <!-- android.ninetynine.pagerendering.C5_PageRendering_User_AgentLogin -->
