<?xml version="1.0" encoding="UTF-8"?>
<!-- Generated by org.testng.reporters.JUnitReportReporter -->
<testsuite name="com.telkomsel.android.vmp.test.TC04_Drop1_Regression_Search_Series" tests="1" time="96.071" ignored="0" failures="0" timestamp="08 Nov 2019 08:13:15 GMT" skipped="0" hostname="L-156170068" errors="0">
  <testcase name="TC04_Search_Series" time="96.071" classname="com.telkomsel.android.vmp.test.TC04_Drop1_Regression_Search_Series"/>
</testsuite> <!-- com.telkomsel.android.vmp.test.TC04_Drop1_Regression_Search_Series -->
