<?xml version="1.0" encoding="UTF-8"?>
<!-- Generated by org.testng.reporters.JUnitReportReporter -->
<testsuite name="android.ninetynine.srp.enquiry.C1138_SRP_LoginUnver_Reg_ChatEnquiry" tests="1" time="265.814" ignored="0" failures="0" timestamp="31 Dec 2020 10:40:15 GMT" skipped="0" hostname="daniamrth" errors="0">
  <testcase name="C1138_SRP_LoginUnver_MustSee_Chat_Enquiry" time="265.814" classname="android.ninetynine.srp.enquiry.C1138_SRP_LoginUnver_Reg_ChatEnquiry"/>
</testsuite> <!-- android.ninetynine.srp.enquiry.C1138_SRP_LoginUnver_Reg_ChatEnquiry -->
