<?xml version="1.0" encoding="UTF-8"?>
<!-- Generated by org.testng.reporters.JUnitReportReporter -->
<testsuite name="com.telkomsel.android.vmp.test.TC13_Drop1_Regression_Pubmatic_Midroll_Banner" tests="1" time="137.583" ignored="0" failures="0" timestamp="31 Oct 2019 04:55:44 GMT" skipped="0" hostname="L-156170068" errors="0">
  <testcase name="Amobee_Midroll_Played" time="137.583" classname="com.telkomsel.android.vmp.test.TC13_Drop1_Regression_Pubmatic_Midroll_Banner"/>
</testsuite> <!-- com.telkomsel.android.vmp.test.TC13_Drop1_Regression_Pubmatic_Midroll_Banner -->
