<?xml version="1.0" encoding="UTF-8"?>
<!-- Generated by org.testng.reporters.JUnitReportReporter -->
<testsuite name="com.telkomsel.android.vmp.test.TC09_Drop1_Regression_Facebook_Preroll" tests="1" time="91.928" ignored="0" failures="0" timestamp="18 Nov 2019 11:13:58 GMT" skipped="0" hostname="L-156170068" errors="0">
  <testcase name="TC09_Facebook_Preroll_Played" time="91.928" classname="com.telkomsel.android.vmp.test.TC09_Drop1_Regression_Facebook_Preroll"/>
</testsuite> <!-- com.telkomsel.android.vmp.test.TC09_Drop1_Regression_Facebook_Preroll -->
