<?xml version="1.0" encoding="UTF-8"?>
<!-- Generated by org.testng.reporters.JUnitReportReporter -->
<testsuite name="android.ninetynine.pagerendering.C15_PageRendering_LDP_Reg_LoginAgent" tests="1" time="223.969" ignored="0" failures="0" timestamp="29 Dec 2020 16:43:30 GMT" skipped="0" hostname="daniamrth" errors="0">
  <testcase name="C15_PageRendering_LDP_Reg_Login_Agent" time="223.969" classname="android.ninetynine.pagerendering.C15_PageRendering_LDP_Reg_LoginAgent"/>
</testsuite> <!-- android.ninetynine.pagerendering.C15_PageRendering_LDP_Reg_LoginAgent -->
