<?xml version="1.0" encoding="UTF-8"?>
<!-- Generated by org.testng.reporters.JUnitReportReporter -->
<testsuite name="android.ninetynine.pagerendering.C17_PageRendering_SRP_LoginUnver" tests="1" time="137.059" ignored="0" failures="0" timestamp="29 Dec 2020 17:18:45 GMT" skipped="0" hostname="daniamrth" errors="0">
  <testcase name="C17_PageRendering_SRP_Login_Unver" time="137.059" classname="android.ninetynine.pagerendering.C17_PageRendering_SRP_LoginUnver"/>
</testsuite> <!-- android.ninetynine.pagerendering.C17_PageRendering_SRP_LoginUnver -->
