<?xml version="1.0" encoding="UTF-8"?>
<!-- Generated by org.testng.reporters.JUnitReportReporter -->
<testsuite name="com.telkomsel.android.vmp.test.TC04to06_Drop1_Regression_Search_Series" tests="1" time="130.834" ignored="0" failures="0" timestamp="25 Nov 2019 04:15:02 GMT" skipped="0" hostname="L-156170068" errors="0">
  <testcase name="TC04to06_Search_Series" time="130.834" classname="com.telkomsel.android.vmp.test.TC04to06_Drop1_Regression_Search_Series"/>
</testsuite> <!-- com.telkomsel.android.vmp.test.TC04to06_Drop1_Regression_Search_Series -->
