<?xml version="1.0" encoding="UTF-8"?>
<!-- Generated by org.testng.reporters.JUnitReportReporter -->
<testsuite ignored="0" hostname="IDMAC008s-MacBook-Pro.local" failures="0" tests="1" name="android.ninetynine.ldp.enquiry.C1385_Ldp_LoginVer_Reg_GalleryEnquiry" time="172.864" errors="0" timestamp="22 Feb 2021 17:02:45 GMT" skipped="0">
  <testcase classname="android.ninetynine.ldp.enquiry.C1385_Ldp_LoginVer_Reg_GalleryEnquiry" name="C1385_Ldp_LoginVer_Reg_Gallery_Enquiry" time="172.864"/>
</testsuite> <!-- android.ninetynine.ldp.enquiry.C1385_Ldp_LoginVer_Reg_GalleryEnquiry -->
