<?xml version="1.0" encoding="UTF-8"?>
<!-- Generated by org.testng.reporters.JUnitReportReporter -->
<testsuite name="android.ninetynine.enquiry.C1341_LDP_NoAcc_Reg_ChatEnquiry" tests="1" time="162.776" ignored="0" failures="0" timestamp="25 Nov 2020 13:49:44 GMT" skipped="0" hostname="daniamrth" errors="0">
  <testcase name="C1341_LDP_NoAcc_Reg_Chat_Enquiry" time="162.776" classname="android.ninetynine.enquiry.C1341_LDP_NoAcc_Reg_ChatEnquiry"/>
</testsuite> <!-- android.ninetynine.enquiry.C1341_LDP_NoAcc_Reg_ChatEnquiry -->
