<?xml version="1.0" encoding="UTF-8"?>
<!-- Generated by org.testng.reporters.JUnitReportReporter -->
<testsuite name="com.telkomsel.android.vmp.test.TC30_Share_Skype" tests="1" time="87.770" ignored="0" failures="0" timestamp="12 Nov 2019 04:37:11 GMT" skipped="0" hostname="L-156170068" errors="0">
  <testcase name="TC30_Content_Share_Skype" time="87.770" classname="com.telkomsel.android.vmp.test.TC30_Share_Skype"/>
</testsuite> <!-- com.telkomsel.android.vmp.test.TC30_Share_Skype -->
