<?xml version="1.0" encoding="UTF-8"?>
<!-- Generated by org.testng.reporters.JUnitReportReporter -->
<testsuite name="com.telkomsel.android.vmp.test.Group1_Regression_Pre_Browse_Homepage_3" tests="1" time="110.410" ignored="0" failures="0" timestamp="04 Oct 2019 02:36:21 GMT" skipped="0" hostname="L-156182171" errors="0">
  <testcase name="Regression_PostLoginHomepage_3" time="110.410" classname="com.telkomsel.android.vmp.test.Group1_Regression_Pre_Browse_Homepage_3"/>
</testsuite> <!-- com.telkomsel.android.vmp.test.Group1_Regression_Pre_Browse_Homepage_3 -->
