<?xml version="1.0" encoding="UTF-8"?>
<!-- Generated by org.testng.reporters.JUnitReportReporter -->
<testsuite name="com.telkomsel.android.vmp.test.ciam.TC067_Drop2_Regression_Hooq" tests="1" time="206.071" ignored="0" failures="0" timestamp="04 Dec 2019 08:14:44 GMT" skipped="0" hostname="L-156170068" errors="0">
  <testcase name="TC067_Hooq" time="206.071" classname="com.telkomsel.android.vmp.test.ciam.TC067_Drop2_Regression_Hooq"/>
</testsuite> <!-- com.telkomsel.android.vmp.test.ciam.TC067_Drop2_Regression_Hooq -->
