<?xml version="1.0" encoding="UTF-8"?>
<!-- Generated by org.testng.reporters.JUnitReportReporter -->
<testsuite ignored="0" hostname="IDMAC008s-MacBook-Pro.local" failures="0" tests="1" name="android.ninetynine.shortlist.C2_LoginUnver_Shortlist" time="213.730" errors="0" timestamp="10 Feb 2021 09:10:55 GMT" skipped="0">
  <testcase classname="android.ninetynine.shortlist.C2_LoginUnver_Shortlist" name="C2_LoginUnverShortlist" time="213.730"/>
</testsuite> <!-- android.ninetynine.shortlist.C2_LoginUnver_Shortlist -->
