<?xml version="1.0" encoding="UTF-8"?>
<!-- Generated by org.testng.reporters.JUnitReportReporter -->
<testsuite name="com.telkomsel.android.vmp.test.TC12_Drop1_Regression_Amobee_Preroll" tests="1" time="99.509" ignored="0" failures="0" timestamp="27 Nov 2019 07:00:11 GMT" skipped="0" hostname="L-156170068" errors="0">
  <testcase name="TC12_Amobee_Preroll_Played" time="99.509" classname="com.telkomsel.android.vmp.test.TC12_Drop1_Regression_Amobee_Preroll"/>
</testsuite> <!-- com.telkomsel.android.vmp.test.TC12_Drop1_Regression_Amobee_Preroll -->
