<?xml version="1.0" encoding="UTF-8"?>
<!-- Generated by org.testng.reporters.JUnitReportReporter -->
<testsuite name="com.telkomsel.android.vmp.test.TC81_Drop1_Regression_Pubmatic_Midroll_Banner" tests="1" time="98.880" ignored="0" failures="0" timestamp="06 Nov 2019 09:20:13 GMT" skipped="0" hostname="L-156170068" errors="0">
  <testcase name="TC81_Pubmatic_Midroll_Banner" time="98.880" classname="com.telkomsel.android.vmp.test.TC81_Drop1_Regression_Pubmatic_Midroll_Banner"/>
</testsuite> <!-- com.telkomsel.android.vmp.test.TC81_Drop1_Regression_Pubmatic_Midroll_Banner -->
