<?xml version="1.0" encoding="UTF-8"?>
<!-- Generated by org.testng.reporters.JUnitReportReporter -->
<testsuite name="com.telkomsel.android.vmp.test.TC70_Drop1_Regression_Pubmatic_Midroll" tests="1" time="136.286" ignored="0" failures="0" timestamp="01 Nov 2019 03:45:56 GMT" skipped="0" hostname="L-156170068" errors="0">
  <testcase name="TC70_Pubmatic_Midroll_Played" time="136.286" classname="com.telkomsel.android.vmp.test.TC70_Drop1_Regression_Pubmatic_Midroll"/>
</testsuite> <!-- com.telkomsel.android.vmp.test.TC70_Drop1_Regression_Pubmatic_Midroll -->
