<?xml version="1.0" encoding="UTF-8"?>
<!-- Generated by org.testng.reporters.JUnitReportReporter -->
<testsuite name="android.ninetynine.pagerendering.C14_PageRendering_LDP_Reg_LoginVer" tests="1" time="200.863" ignored="0" failures="0" timestamp="29 Dec 2020 16:27:15 GMT" skipped="0" hostname="daniamrth" errors="0">
  <testcase name="C14_PageRendering_LDP_Reg_Login_Ver" time="200.863" classname="android.ninetynine.pagerendering.C14_PageRendering_LDP_Reg_LoginVer"/>
</testsuite> <!-- android.ninetynine.pagerendering.C14_PageRendering_LDP_Reg_LoginVer -->
