<?xml version="1.0" encoding="UTF-8"?>
<!-- Generated by org.testng.reporters.JUnitReportReporter -->
<testsuite name="com.telkomsel.android.vmp.test.TC57_Drop1_Regression_Pubmatic_Preroll_Series" tests="1" time="122.507" ignored="0" failures="0" timestamp="01 Nov 2019 06:35:44 GMT" skipped="0" hostname="L-156170068" errors="0">
  <testcase name="TC57_Pubmatic_Preroll_Series" time="122.507" classname="com.telkomsel.android.vmp.test.TC57_Drop1_Regression_Pubmatic_Preroll_Series"/>
</testsuite> <!-- com.telkomsel.android.vmp.test.TC57_Drop1_Regression_Pubmatic_Preroll_Series -->
