<?xml version="1.0" encoding="UTF-8"?>
<!-- Generated by org.testng.reporters.JUnitReportReporter -->
<testsuite name="com.telkomsel.android.vmp.phase3.drop2.sosmed.TC27_Drop1_Regression_Share_Facebook" tests="1" time="142.969" ignored="0" failures="0" timestamp="12 Feb 2020 11:02:23 GMT" skipped="0" hostname="L-156170068" errors="0">
  <testcase name="TC27_Content_Share_Facebook" time="142.969" classname="com.telkomsel.android.vmp.phase3.drop2.sosmed.TC27_Drop1_Regression_Share_Facebook"/>
</testsuite> <!-- com.telkomsel.android.vmp.phase3.drop2.sosmed.TC27_Drop1_Regression_Share_Facebook -->
