<?xml version="1.0" encoding="UTF-8"?>
<!-- Generated by org.testng.reporters.JUnitReportReporter -->
<testsuite ignored="0" hostname="IDMAC008s-MacBook-Pro.local" failures="0" tests="1" name="android.ninetynine.ldp.enquiry.C1380_Ldp_LoginVer_MustSee_GalleryEnquiry" time="168.510" errors="0" timestamp="22 Feb 2021 17:02:45 GMT" skipped="0">
  <testcase classname="android.ninetynine.ldp.enquiry.C1380_Ldp_LoginVer_MustSee_GalleryEnquiry" name="C1380_Ldp_LoginVer_MustSee_Phone_Enquiry" time="168.510"/>
</testsuite> <!-- android.ninetynine.ldp.enquiry.C1380_Ldp_LoginVer_MustSee_GalleryEnquiry -->
