<?xml version="1.0" encoding="UTF-8"?>
<!-- Generated by org.testng.reporters.JUnitReportReporter -->
<testsuite name="com.telkomsel.android.vmp.test.Group1_Regression_Post_Login_Prepaid_Browse_ViuMoviesPlayback" tests="1" time="292.073" ignored="0" failures="0" timestamp="10 Oct 2019 09:38:40 GMT" skipped="0" hostname="L-156182171" errors="0">
  <testcase name="test_hooq_movies_playback" time="292.073" classname="com.telkomsel.android.vmp.test.Group1_Regression_Post_Login_Prepaid_Browse_ViuMoviesPlayback"/>
</testsuite> <!-- com.telkomsel.android.vmp.test.Group1_Regression_Post_Login_Prepaid_Browse_ViuMoviesPlayback -->
