<?xml version="1.0" encoding="UTF-8"?>
<!-- Generated by org.testng.reporters.JUnitReportReporter -->
<testsuite name="com.telkomsel.android.vmp.test.drop1.TC19_Drop1_Regression_Amobee_AdTest2" tests="1" time="103.093" ignored="0" failures="0" timestamp="27 Nov 2019 07:35:01 GMT" skipped="0" hostname="L-156170068" errors="0">
  <testcase name="TC19_Amobee_Preroll_Nonlogin" time="103.093" classname="com.telkomsel.android.vmp.test.drop1.TC19_Drop1_Regression_Amobee_AdTest2"/>
</testsuite> <!-- com.telkomsel.android.vmp.test.drop1.TC19_Drop1_Regression_Amobee_AdTest2 -->
