<?xml version="1.0" encoding="UTF-8"?>
<!-- Generated by org.testng.reporters.JUnitReportReporter -->
<testsuite name="com.telkomsel.android.vmp.test.TC29_Drop1_Regression_Share_Viber" tests="1" time="78.276" ignored="0" failures="0" timestamp="18 Nov 2019 10:50:02 GMT" skipped="0" hostname="L-156170068" errors="0">
  <testcase name="TC29_Content_Share_Viber" time="78.276" classname="com.telkomsel.android.vmp.test.TC29_Drop1_Regression_Share_Viber"/>
</testsuite> <!-- com.telkomsel.android.vmp.test.TC29_Drop1_Regression_Share_Viber -->
