<?xml version="1.0" encoding="UTF-8"?>
<!-- Generated by org.testng.reporters.JUnitReportReporter -->
<testsuite ignored="0" hostname="IDMAC008s-MacBook-Pro.local" failures="0" tests="1" name="android.ninetynine.pagerendering.C33418_PageRendering_SRP_LoginUnver" time="160.461" errors="0" timestamp="19 Feb 2021 07:05:24 GMT" skipped="0">
  <testcase classname="android.ninetynine.pagerendering.C33418_PageRendering_SRP_LoginUnver" name="C33418_PageRendering_SRP_Login_Unver" time="160.461"/>
</testsuite> <!-- android.ninetynine.pagerendering.C33418_PageRendering_SRP_LoginUnver -->
