<?xml version="1.0" encoding="UTF-8"?>
<!-- Generated by org.testng.reporters.JUnitReportReporter -->
<testsuite name="com.telkomsel.android.vmp.phase3.drop2.fb.TC07_Drop1_Regression_Facebook_Preroll" tests="1" time="113.683" ignored="0" failures="0" timestamp="11 Feb 2020 09:37:12 GMT" skipped="0" hostname="L-156170068" errors="0">
  <testcase name="TC07_Facebook_Preroll_Played" time="113.683" classname="com.telkomsel.android.vmp.phase3.drop2.fb.TC07_Drop1_Regression_Facebook_Preroll"/>
</testsuite> <!-- com.telkomsel.android.vmp.phase3.drop2.fb.TC07_Drop1_Regression_Facebook_Preroll -->
