<?xml version="1.0" encoding="UTF-8"?>
<!-- Generated by org.testng.reporters.JUnitReportReporter -->
<testsuite name="com.telkomsel.android.vmp.test.ciam.TC85_Drop2_Regression_Share_Twitter" tests="1" time="271.828" ignored="0" failures="0" timestamp="11 Dec 2019 04:07:37 GMT" skipped="0" hostname="L-156170068" errors="0">
  <testcase name="TC85_Content_Share_Twitter" time="271.828" classname="com.telkomsel.android.vmp.test.ciam.TC85_Drop2_Regression_Share_Twitter"/>
</testsuite> <!-- com.telkomsel.android.vmp.test.ciam.TC85_Drop2_Regression_Share_Twitter -->
