<?xml version="1.0" encoding="UTF-8"?>
<!-- Generated by org.testng.reporters.JUnitReportReporter -->
<testsuite name="com.telkomsel.android.vmp.test.TC10_Drop1_Regression_Poster_Nonlogin" tests="1" time="123.873" ignored="0" failures="0" timestamp="25 Nov 2019 04:21:05 GMT" skipped="0" hostname="L-156170068" errors="0">
  <testcase name="TC10_Poster_Nonlogin" time="123.873" classname="com.telkomsel.android.vmp.test.TC10_Drop1_Regression_Poster_Nonlogin"/>
</testsuite> <!-- com.telkomsel.android.vmp.test.TC10_Drop1_Regression_Poster_Nonlogin -->
