<?xml version="1.0" encoding="UTF-8"?>
<!-- Generated by org.testng.reporters.JUnitReportReporter -->
<testsuite ignored="0" hostname="IDMAC008s-MacBook-Pro.local" failures="0" tests="1" name="android.ninetynine.shortlist.C1_NoAcc_Shortlist" time="103.767" errors="0" timestamp="10 Feb 2021 08:59:15 GMT" skipped="0">
  <testcase classname="android.ninetynine.shortlist.C1_NoAcc_Shortlist" name="C1_NoAccShortlist" time="103.767"/>
</testsuite> <!-- android.ninetynine.shortlist.C1_NoAcc_Shortlist -->
