<?xml version="1.0" encoding="UTF-8"?>
<!-- Generated by org.testng.reporters.JUnitReportReporter -->
<testsuite name="com.telkomsel.android.vmp.test.TC037_Drop2_Regression_NonTsel_Login" tests="1" time="231.229" ignored="0" failures="0" timestamp="20 Nov 2019 04:39:23 GMT" skipped="0" hostname="L-156170068" errors="0">
  <testcase name="TC037_Regression_NonTsel_Login" time="231.229" classname="com.telkomsel.android.vmp.test.TC037_Drop2_Regression_NonTsel_Login"/>
</testsuite> <!-- com.telkomsel.android.vmp.test.TC037_Drop2_Regression_NonTsel_Login -->
