<?xml version="1.0" encoding="UTF-8"?>
<!-- Generated by org.testng.reporters.JUnitReportReporter -->
<testsuite ignored="0" hostname="IDMAC008s-MacBook-Pro.local" failures="0" tests="1" name="android.ninetynine.shortlist.C3_LoginVer_Shortlist" time="132.147" errors="0" timestamp="10 Feb 2021 09:19:39 GMT" skipped="0">
  <testcase classname="android.ninetynine.shortlist.C3_LoginVer_Shortlist" name="C3_LoginVerShortlist" time="132.147"/>
</testsuite> <!-- android.ninetynine.shortlist.C3_LoginVer_Shortlist -->
