<?xml version="1.0" encoding="UTF-8"?>
<!-- Generated by org.testng.reporters.JUnitReportReporter -->
<testsuite ignored="0" hostname="IDMAC008s-MacBook-Pro.local" failures="0" tests="1" name="android.ninetynine.pagerendering.C33407_PageRendering_User_UnverLogin" time="112.975" errors="0" timestamp="19 Feb 2021 07:05:24 GMT" skipped="0">
  <testcase classname="android.ninetynine.pagerendering.C33407_PageRendering_User_UnverLogin" name="C33407_PageRendering_User_Unver_Login" time="112.975"/>
</testsuite> <!-- android.ninetynine.pagerendering.C33407_PageRendering_User_UnverLogin -->
