<?xml version="1.0" encoding="UTF-8"?>
<!-- Generated by org.testng.reporters.JUnitReportReporter -->
<testsuite ignored="0" hostname="IDMAC008s-MacBook-Pro.local" failures="0" tests="1" name="android.ninetynine.ldp.enquiry.C1339_Ldp_LoginUnver_MustSee_ChatEnquiry" time="170.162" errors="0" timestamp="22 Feb 2021 16:10:49 GMT" skipped="0">
  <testcase classname="android.ninetynine.ldp.enquiry.C1339_Ldp_LoginUnver_MustSee_ChatEnquiry" name="C1339_LDP_LoginUnver_MustSee_Chat_Enquiry" time="170.162"/>
</testsuite> <!-- android.ninetynine.ldp.enquiry.C1339_Ldp_LoginUnver_MustSee_ChatEnquiry -->
