<?xml version="1.0" encoding="UTF-8"?>
<!-- Generated by org.testng.reporters.JUnitReportReporter -->
<testsuite name="android.ninetynine.srp.enquiry.C1037_SRP_LoginUnver_MustSee_ChatEnquiry" tests="1" time="310.674" ignored="0" failures="0" timestamp="31 Dec 2020 10:40:15 GMT" skipped="0" hostname="daniamrth" errors="0">
  <testcase name="C1037_SRP_LoginUnver_MustSee_Chat_Enquiry" time="310.674" classname="android.ninetynine.srp.enquiry.C1037_SRP_LoginUnver_MustSee_ChatEnquiry"/>
</testsuite> <!-- android.ninetynine.srp.enquiry.C1037_SRP_LoginUnver_MustSee_ChatEnquiry -->
