<?xml version="1.0" encoding="UTF-8"?>
<!-- Generated by org.testng.reporters.JUnitReportReporter -->
<testsuite name="com.telkomsel.android.vmp.test.TC173_Drop1_Regression_MisConfig_Error" tests="1" time="106.675" ignored="0" failures="0" timestamp="13 Nov 2019 07:38:38 GMT" skipped="0" hostname="L-156170068" errors="0">
  <testcase name="TC172_MisConfig_Error" time="106.675" classname="com.telkomsel.android.vmp.test.TC173_Drop1_Regression_MisConfig_Error"/>
</testsuite> <!-- com.telkomsel.android.vmp.test.TC173_Drop1_Regression_MisConfig_Error -->
