<?xml version="1.0" encoding="UTF-8"?>
<!-- Generated by org.testng.reporters.JUnitReportReporter -->
<testsuite name="com.telkomsel.android.vmp.test.BrowsePackage" tests="1" time="362.405" ignored="0" failures="0" timestamp="10 Oct 2019 07:20:17 GMT" skipped="0" hostname="L-156182171" errors="0">
  <testcase name="testSupportFAQ" time="362.405" classname="com.telkomsel.android.vmp.test.BrowsePackage"/>
</testsuite> <!-- com.telkomsel.android.vmp.test.BrowsePackage -->
