<?xml version="1.0" encoding="UTF-8"?>
<!-- Generated by org.testng.reporters.JUnitReportReporter -->
<testsuite name="com.telkomsel.android.vmp.test.TC67_Drop1_Regression_Pubmatic_Preroll" tests="1" time="75.242" ignored="0" failures="0" timestamp="30 Oct 2019 10:29:16 GMT" skipped="0" hostname="L-156170068" errors="0">
  <testcase name="Amobee_Preroll_Played" time="75.242" classname="com.telkomsel.android.vmp.test.TC67_Drop1_Regression_Pubmatic_Preroll"/>
</testsuite> <!-- com.telkomsel.android.vmp.test.TC67_Drop1_Regression_Pubmatic_Preroll -->
