<?xml version="1.0" encoding="UTF-8"?>
<!-- Generated by org.testng.reporters.JUnitReportReporter -->
<testsuite name="com.telkomsel.android.vmp.test.TC162_Drop1_Regression_Share_Facebook" tests="1" time="180.652" ignored="0" failures="0" timestamp="14 Nov 2019 05:04:27 GMT" skipped="0" hostname="L-156170068" errors="0">
  <testcase name="TC162_Content_Share_Facebook" time="180.652" classname="com.telkomsel.android.vmp.test.TC162_Drop1_Regression_Share_Facebook"/>
</testsuite> <!-- com.telkomsel.android.vmp.test.TC162_Drop1_Regression_Share_Facebook -->
