<?xml version="1.0" encoding="UTF-8"?>
<!-- Generated by org.testng.reporters.JUnitReportReporter -->
<testsuite name="com.telkomsel.android.vmp.phase3.drop1.amobee.TC016toTC018_Drop1_Regression_Amobee_AdTest2" tests="1" time="107.282" ignored="0" failures="0" timestamp="11 Feb 2020 08:54:33 GMT" skipped="0" hostname="L-156170068" errors="0">
  <testcase name="TC16toTC18_Amobee_Midroll_Played" time="107.282" classname="com.telkomsel.android.vmp.phase3.drop1.amobee.TC016toTC018_Drop1_Regression_Amobee_AdTest2"/>
</testsuite> <!-- com.telkomsel.android.vmp.phase3.drop1.amobee.TC016toTC018_Drop1_Regression_Amobee_AdTest2 -->
