<?xml version="1.0" encoding="UTF-8"?>
<!-- Generated by org.testng.reporters.JUnitReportReporter -->
<testsuite name="com.telkomsel.android.vmp.test.TC167_Drop1_Regression_Share_Skype" tests="1" time="126.135" ignored="0" failures="0" timestamp="13 Nov 2019 09:51:24 GMT" skipped="0" hostname="L-156170068" errors="0">
  <testcase name="TC167_Content_Share_Skype" time="126.135" classname="com.telkomsel.android.vmp.test.TC167_Drop1_Regression_Share_Skype"/>
</testsuite> <!-- com.telkomsel.android.vmp.test.TC167_Drop1_Regression_Share_Skype -->
