<?xml version="1.0" encoding="UTF-8"?>
<!-- Generated by org.testng.reporters.JUnitReportReporter -->
<testsuite name="com.telkomsel.android.vmp.phase3.drop3.pubmatic.TC90_Drop1_Regression_Pubmatic_Midroll_Banner" tests="1" time="94.303" ignored="0" failures="0" timestamp="12 Feb 2020 09:35:11 GMT" skipped="0" hostname="L-156170068" errors="0">
  <testcase name="TC79_Pubmatic_Midroll_Banner" time="94.303" classname="com.telkomsel.android.vmp.phase3.drop3.pubmatic.TC90_Drop1_Regression_Pubmatic_Midroll_Banner"/>
</testsuite> <!-- com.telkomsel.android.vmp.phase3.drop3.pubmatic.TC90_Drop1_Regression_Pubmatic_Midroll_Banner -->
