<?xml version="1.0" encoding="UTF-8"?>
<!-- Generated by org.testng.reporters.JUnitReportReporter -->
<testsuite name="com.telkomsel.android.vmp.test.TC69_Drop1_Regression_Pubmatic_Midroll_Login" tests="1" time="183.510" ignored="0" failures="0" timestamp="07 Nov 2019 04:17:07 GMT" skipped="0" hostname="L-156170068" errors="0">
  <testcase name="Amobee_Preroll_Played" time="183.510" classname="com.telkomsel.android.vmp.test.TC69_Drop1_Regression_Pubmatic_Midroll_Login"/>
</testsuite> <!-- com.telkomsel.android.vmp.test.TC69_Drop1_Regression_Pubmatic_Midroll_Login -->
