<?xml version="1.0" encoding="UTF-8"?>
<!-- Generated by org.testng.reporters.JUnitReportReporter -->
<testsuite name="android.ninetynine.pagerendering.C1_PageRendering_Homepage" tests="1" time="78.746" ignored="0" failures="0" timestamp="24 Dec 2020 10:34:05 GMT" skipped="0" hostname="daniamrth" errors="0">
  <testcase name="C1_PageRendering_Home_page" time="78.746" classname="android.ninetynine.pagerendering.C1_PageRendering_Homepage"/>
</testsuite> <!-- android.ninetynine.pagerendering.C1_PageRendering_Homepage -->
