<?xml version="1.0" encoding="UTF-8"?>
<!-- Generated by org.testng.reporters.JUnitReportReporter -->
<testsuite name="com.telkomsel.android.vmp.test.TC164_Drop1_Regression_Share_Twitter" tests="1" time="147.893" ignored="0" failures="0" timestamp="14 Nov 2019 04:34:06 GMT" skipped="0" hostname="L-156170068" errors="0">
  <testcase name="TC164_Content_Share_Twitter" time="147.893" classname="com.telkomsel.android.vmp.test.TC164_Drop1_Regression_Share_Twitter"/>
</testsuite> <!-- com.telkomsel.android.vmp.test.TC164_Drop1_Regression_Share_Twitter -->
