<?xml version="1.0" encoding="UTF-8"?>
<!-- Generated by org.testng.reporters.JUnitReportReporter -->
<testsuite name="com.telkomsel.android.vmp.phase4.drop1.hbo.TC195_Regression_Hbo_Share_Viber" tests="1" time="79.046" ignored="0" failures="0" timestamp="13 Feb 2020 04:23:27 GMT" skipped="0" hostname="L-156170068" errors="0">
  <testcase name="TC29_Content_Share_Viber" time="79.046" classname="com.telkomsel.android.vmp.phase4.drop1.hbo.TC195_Regression_Hbo_Share_Viber"/>
</testsuite> <!-- com.telkomsel.android.vmp.phase4.drop1.hbo.TC195_Regression_Hbo_Share_Viber -->
