<?xml version="1.0" encoding="UTF-8"?>
<!-- Generated by org.testng.reporters.JUnitReportReporter -->
<testsuite name="android.ninetynine.pagerendering.C2_PageRendering_Homepage_UnverLogin" tests="1" time="123.604" ignored="0" failures="0" timestamp="24 Dec 2020 10:43:36 GMT" skipped="0" hostname="daniamrth" errors="0">
  <testcase name="C2_PageRendering_Home_page_UnverLogin" time="123.604" classname="android.ninetynine.pagerendering.C2_PageRendering_Homepage_UnverLogin"/>
</testsuite> <!-- android.ninetynine.pagerendering.C2_PageRendering_Homepage_UnverLogin -->
