<?xml version="1.0" encoding="UTF-8"?>
<!-- Generated by org.testng.reporters.JUnitReportReporter -->
<testsuite name="com.telkomsel.android.vmp.phase3.drop3.pubmatic.TC88toTC89_Drop1_Regression_Pubmatic_Midroll" tests="1" time="193.308" ignored="0" failures="0" timestamp="12 Feb 2020 09:31:19 GMT" skipped="0" hostname="L-156170068" errors="0">
  <testcase name="TC72_Pubmatic_Midroll_Played" time="193.308" classname="com.telkomsel.android.vmp.phase3.drop3.pubmatic.TC88toTC89_Drop1_Regression_Pubmatic_Midroll"/>
</testsuite> <!-- com.telkomsel.android.vmp.phase3.drop3.pubmatic.TC88toTC89_Drop1_Regression_Pubmatic_Midroll -->
