<?xml version="1.0" encoding="UTF-8"?>
<!-- Generated by org.testng.reporters.JUnitReportReporter -->
<testsuite name="com.telkomsel.android.vmp.test.TC17_Drop1_Regression_Amobee_Preroll" tests="1" time="92.639" ignored="0" failures="0" timestamp="18 Nov 2019 04:36:04 GMT" skipped="0" hostname="L-156170068" errors="0">
  <testcase name="TC17_Amobee_Preroll_Played" time="92.639" classname="com.telkomsel.android.vmp.test.TC17_Drop1_Regression_Amobee_Preroll"/>
</testsuite> <!-- com.telkomsel.android.vmp.test.TC17_Drop1_Regression_Amobee_Preroll -->
