<?xml version="1.0" encoding="UTF-8"?>
<!-- Generated by org.testng.reporters.JUnitReportReporter -->
<testsuite ignored="0" hostname="IDMAC008s-MacBook-Pro.local" failures="0" tests="1" name="android.ninetynine.srp.enquiry.C1045_SRP_Unver_MustSee_PhoneEnquiry" time="122.957" errors="0" timestamp="23 Feb 2021 10:52:26 GMT" skipped="0">
  <testcase classname="android.ninetynine.srp.enquiry.C1045_SRP_Unver_MustSee_PhoneEnquiry" name="C1045_SRP_Unver_MustSee_Phone_Enquiry" time="122.957"/>
</testsuite> <!-- android.ninetynine.srp.enquiry.C1045_SRP_Unver_MustSee_PhoneEnquiry -->
