<?xml version="1.0" encoding="UTF-8"?>
<!-- Generated by org.testng.reporters.JUnitReportReporter -->
<testsuite name="com.telkomsel.android.vmp.test.Group2_Regression_PreLoginBrowseFlow_Catchplay" tests="1" time="327.743" ignored="0" failures="0" timestamp="04 Oct 2019 10:01:35 GMT" skipped="0" hostname="L-156182171" errors="0">
  <testcase name="Test_Group2_Regression_PreBrowse_Catchplay" time="327.743" classname="com.telkomsel.android.vmp.test.Group2_Regression_PreLoginBrowseFlow_Catchplay"/>
</testsuite> <!-- com.telkomsel.android.vmp.test.Group2_Regression_PreLoginBrowseFlow_Catchplay -->
