<?xml version="1.0" encoding="UTF-8"?>
<!-- Generated by org.testng.reporters.JUnitReportReporter -->
<testsuite name="com.telkomsel.android.vmp.test.TC053_Drop2_Regression_NonTsel_Logout" tests="1" time="130.350" ignored="0" failures="0" timestamp="21 Nov 2019 09:56:45 GMT" skipped="0" hostname="L-156170068" errors="0">
  <testcase name="TC053_NonTsel_Logout" time="130.350" classname="com.telkomsel.android.vmp.test.TC053_Drop2_Regression_NonTsel_Logout"/>
</testsuite> <!-- com.telkomsel.android.vmp.test.TC053_Drop2_Regression_NonTsel_Logout -->
