<?xml version="1.0" encoding="UTF-8"?>
<!-- Generated by org.testng.reporters.JUnitReportReporter -->
<testsuite name="com.telkomsel.android.vmp.test.Group1_Regression_Pre_Browser_MovieDetails" tests="1" time="302.393" ignored="0" failures="0" timestamp="04 Oct 2019 07:30:31 GMT" skipped="0" hostname="L-156182171" errors="0">
  <testcase name="Test_Regression_Pre_Browser_MovieDetails" time="302.393" classname="com.telkomsel.android.vmp.test.Group1_Regression_Pre_Browser_MovieDetails"/>
</testsuite> <!-- com.telkomsel.android.vmp.test.Group1_Regression_Pre_Browser_MovieDetails -->
