<?xml version="1.0" encoding="UTF-8"?>
<!-- Generated by org.testng.reporters.JUnitReportReporter -->
<testsuite name="com.telkomsel.android.vmp.phase23.drop1.TC14_Drop1_Regression_Inmobi_MidrollBanner_AdTest2" tests="1" time="83.174" ignored="0" failures="0" timestamp="03 Dec 2019 06:54:38 GMT" skipped="0" hostname="L-156170068" errors="0">
  <testcase name="TC14_Inmobi_Midroll_Banner" time="83.174" classname="com.telkomsel.android.vmp.phase23.drop1.TC14_Drop1_Regression_Inmobi_MidrollBanner_AdTest2"/>
</testsuite> <!-- com.telkomsel.android.vmp.phase23.drop1.TC14_Drop1_Regression_Inmobi_MidrollBanner_AdTest2 -->
