<?xml version="1.0" encoding="UTF-8"?>
<!-- Generated by org.testng.reporters.JUnitReportReporter -->
<testsuite name="android.ninetynine.enquiry.C1337_LDP_Unver_MustSee_ChatEnquiry" tests="1" time="155.782" ignored="0" failures="0" timestamp="25 Nov 2020 03:30:27 GMT" skipped="0" hostname="daniamrth" errors="0">
  <testcase name="C1336_LDP_NoAcc_MustSee_Chat_Enquiry" time="155.782" classname="android.ninetynine.enquiry.C1337_LDP_Unver_MustSee_ChatEnquiry"/>
</testsuite> <!-- android.ninetynine.enquiry.C1337_LDP_Unver_MustSee_ChatEnquiry -->
