<?xml version="1.0" encoding="UTF-8"?>
<!-- Generated by org.testng.reporters.JUnitReportReporter -->
<testsuite name="android.ninetynine.login.Regression_Logout" tests="1" time="71.772" ignored="0" failures="0" timestamp="05 Oct 2020 16:53:32 GMT" skipped="0" hostname="daniamrth" errors="0">
  <testcase name="Regression_Login_Account" time="71.772" classname="android.ninetynine.login.Regression_Logout"/>
</testsuite> <!-- android.ninetynine.login.Regression_Logout -->
