<?xml version="1.0" encoding="UTF-8"?>
<!-- Generated by org.testng.reporters.JUnitReportReporter -->
<testsuite name="com.telkomsel.android.vmp.test.TC146_Drop1_Regression_Hbo_Resume_Alarm" tests="2" time="179.563" ignored="0" failures="0" timestamp="25 Nov 2019 09:50:04 GMT" skipped="0" hostname="L-156170068" errors="2">
  <testcase name="TC146_Hbo_Resume_Alarm" time="179.563" classname="com.telkomsel.android.vmp.test.TC146_Drop1_Regression_Hbo_Resume_Alarm">
    <error type="org.openqa.selenium.remote.UnreachableBrowserException" message="Error communicating with the remote browser. It may have died.
Build info: version: &#039;2.53.1&#039;, revision: &#039;a36b8b1cd5757287168e54b817830adce9b0158d&#039;, time: &#039;2016-06-30 19:26:09&#039;
System info: host: &#039;L-156170068&#039;, ip: &#039;10.107.178.49&#039;, os.name: &#039;Windows 10&#039;, os.arch: &#039;amd64&#039;, os.version: &#039;10.0&#039;, java.version: &#039;1.8.0_221&#039;
Driver info: driver.version: AppiumDriver
Capabilities [{appPackage=com.maxstream, device.majorVersion=9, dontGoHomeOnQuit=false, device.os=Android, noReset=false, dontStopAppOnReset=false, reservationDuration=240, reportFormat=xml, deviceName=520011c7ea61b469, fullReset=false, platform=ANY, deviceUDID=520011c7ea61b469, install.only.for.update=false, desired={appPackage=com.maxstream, appActivity=.MainActivity, VERSION=9.0.0, automationName=uiautomator, reportDirectory=C:Usersdw37172tappiumstudio-reportsVMP_(Maxstream)#============CONFIG Manufacture===========, platformName=Android, deviceName=520011c7ea61b469}, device.serialNumber=520011c7ea61b469, locationServicesAuthorized=false, device.version=9, automationName=uiautomator, reportDirectory=C:Usersdw37172tappiumstudio-reportsVMP_(Maxstream)#============CONFIG Manufacture===========, autoWebview=false, platformName=Android, udid=520011c7ea61b469, testName=mobile test 11/25/19 04:47 PM, device.screenSize=720x1280, useKeystore=false, test.type=Mobile, device.manufacture=samsung, instrumentApp=false, appiumVersion=1.8.0, device.category=PHONE, autoDismissAlerts=false, reportUrl=C:\Users\da37860t\appiumstudio-reports\test566, newSessionWaitTimeout=600, keystorePath=~/.android/debug.keystore, appActivity=.MainActivity, installOnlyForUpdate=false, waitForDeviceTimeout=120000, device.model=SM-J701F, device.name=SM-J701F, VERSION=9.0.0, autoGrantPermissions=false, takeScreenshots=true, projectName=, autoAcceptAlerts=false}]
Session ID: 83600496-27ff-422c-bc10-1e4eef943d48">
      <![CDATA[org.openqa.selenium.remote.UnreachableBrowserException: Error communicating with the remote browser. It may have died.
Build info: version: '2.53.1', revision: 'a36b8b1cd5757287168e54b817830adce9b0158d', time: '2016-06-30 19:26:09'
System info: host: 'L-156170068', ip: '10.107.178.49', os.name: 'Windows 10', os.arch: 'amd64', os.version: '10.0', java.version: '1.8.0_221'
Driver info: driver.version: AppiumDriver
Capabilities [{appPackage=com.maxstream, device.majorVersion=9, dontGoHomeOnQuit=false, device.os=Android, noReset=false, dontStopAppOnReset=false, reservationDuration=240, reportFormat=xml, deviceName=520011c7ea61b469, fullReset=false, platform=ANY, deviceUDID=520011c7ea61b469, install.only.for.update=false, desired={appPackage=com.maxstream, appActivity=.MainActivity, VERSION=9.0.0, automationName=uiautomator, reportDirectory=C:Usersdw37172tappiumstudio-reportsVMP_(Maxstream)#============CONFIG Manufacture===========, platformName=Android, deviceName=520011c7ea61b469}, device.serialNumber=520011c7ea61b469, locationServicesAuthorized=false, device.version=9, automationName=uiautomator, reportDirectory=C:Usersdw37172tappiumstudio-reportsVMP_(Maxstream)#============CONFIG Manufacture===========, autoWebview=false, platformName=Android, udid=520011c7ea61b469, testName=mobile test 11/25/19 04:47 PM, device.screenSize=720x1280, useKeystore=false, test.type=Mobile, device.manufacture=samsung, instrumentApp=false, appiumVersion=1.8.0, device.category=PHONE, autoDismissAlerts=false, reportUrl=C:\Users\da37860t\appiumstudio-reports\test566, newSessionWaitTimeout=600, keystorePath=~/.android/debug.keystore, appActivity=.MainActivity, installOnlyForUpdate=false, waitForDeviceTimeout=120000, device.model=SM-J701F, device.name=SM-J701F, VERSION=9.0.0, autoGrantPermissions=false, takeScreenshots=true, projectName=, autoAcceptAlerts=false}]
Session ID: 83600496-27ff-422c-bc10-1e4eef943d48
	at org.openqa.selenium.remote.RemoteWebDriver.execute(RemoteWebDriver.java:665)
	at io.appium.java_client.DefaultGenericMobileDriver.execute(DefaultGenericMobileDriver.java:40)
	at io.appium.java_client.AppiumDriver.execute(AppiumDriver.java:1)
	at io.appium.java_client.android.AndroidDriver.execute(AndroidDriver.java:1)
	at org.openqa.selenium.remote.RemoteWebDriver.findElements(RemoteWebDriver.java:388)
	at io.appium.java_client.DefaultGenericMobileDriver.findElements(DefaultGenericMobileDriver.java:48)
	at io.appium.java_client.AppiumDriver.findElements(AppiumDriver.java:195)
	at org.openqa.selenium.remote.RemoteWebDriver.findElementsByXPath(RemoteWebDriver.java:504)
	at io.appium.java_client.DefaultGenericMobileDriver.findElementsByXPath(DefaultGenericMobileDriver.java:138)
	at io.appium.java_client.AppiumDriver.findElementsByXPath(AppiumDriver.java:227)
	at org.openqa.selenium.By$ByXPath.findElements(By.java:356)
	at org.openqa.selenium.remote.RemoteWebDriver.findElements(RemoteWebDriver.java:351)
	at io.appium.java_client.DefaultGenericMobileDriver.findElements(DefaultGenericMobileDriver.java:44)
	at io.appium.java_client.AppiumDriver.findElements(AppiumDriver.java:191)
	at com.telkomsel.android.vmp.utilities.GeneralUtilities.verifyelemen(GeneralUtilities.java:57)
	at com.telkomsel.android.vmp.utilities.GeneralUtilities.click(GeneralUtilities.java:103)
	at com.telkomsel.android.vmp.pageobjects.Tv_Shows.click_Dismiss(Tv_Shows.java:75)
	at com.telkomsel.android.vmp.test.TC146_Drop1_Regression_Hbo_Resume_Alarm.TC146_Hbo_Resume_Alarm(TC146_Drop1_Regression_Hbo_Resume_Alarm.java:144)
	at sun.reflect.NativeMethodAccessorImpl.invoke0(Native Method)
	at sun.reflect.NativeMethodAccessorImpl.invoke(Unknown Source)
	at sun.reflect.DelegatingMethodAccessorImpl.invoke(Unknown Source)
	at java.lang.reflect.Method.invoke(Unknown Source)
	at org.testng.internal.MethodInvocationHelper.invokeMethod(MethodInvocationHelper.java:104)
	at org.testng.internal.Invoker.invokeMethod(Invoker.java:645)
	at org.testng.internal.Invoker.invokeTestMethod(Invoker.java:851)
	at org.testng.internal.Invoker.invokeTestMethods(Invoker.java:1177)
	at org.testng.internal.TestMethodWorker.invokeTestMethods(TestMethodWorker.java:129)
	at org.testng.internal.TestMethodWorker.run(TestMethodWorker.java:112)
	at org.testng.TestRunner.privateRun(TestRunner.java:756)
	at org.testng.TestRunner.run(TestRunner.java:610)
	at org.testng.SuiteRunner.runTest(SuiteRunner.java:387)
	at org.testng.SuiteRunner.runSequentially(SuiteRunner.java:382)
	at org.testng.SuiteRunner.privateRun(SuiteRunner.java:340)
	at org.testng.SuiteRunner.run(SuiteRunner.java:289)
	at org.testng.SuiteRunnerWorker.runSuite(SuiteRunnerWorker.java:52)
	at org.testng.SuiteRunnerWorker.run(SuiteRunnerWorker.java:86)
	at org.testng.TestNG.runSuitesSequentially(TestNG.java:1293)
	at org.testng.TestNG.runSuitesLocally(TestNG.java:1218)
	at org.testng.TestNG.runSuites(TestNG.java:1133)
	at org.testng.TestNG.run(TestNG.java:1104)
	at org.testng.remote.AbstractRemoteTestNG.run(AbstractRemoteTestNG.java:115)
	at org.testng.remote.RemoteTestNG.initAndRun(RemoteTestNG.java:251)
	at org.testng.remote.RemoteTestNG.main(RemoteTestNG.java:77)
Caused by: org.openqa.selenium.WebDriverException: org.apache.http.conn.HttpHostConnectException: Connect to 127.0.0.1:4723 [/127.0.0.1] failed: Connection refused: connect
Build info: version: '2.53.1', revision: 'a36b8b1cd5757287168e54b817830adce9b0158d', time: '2016-06-30 19:26:09'
System info: host: 'L-156170068', ip: '10.107.178.49', os.name: 'Windows 10', os.arch: 'amd64', os.version: '10.0', java.version: '1.8.0_221'
Driver info: driver.version: AppiumDriver
	at io.appium.java_client.remote.AppiumCommandExecutor.execute(AppiumCommandExecutor.java:84)
	at org.openqa.selenium.remote.RemoteWebDriver.execute(RemoteWebDriver.java:644)
	... 42 more
Caused by: org.apache.http.conn.HttpHostConnectException: Connect to 127.0.0.1:4723 [/127.0.0.1] failed: Connection refused: connect
	at org.apache.http.impl.conn.DefaultHttpClientConnectionOperator.connect(DefaultHttpClientConnectionOperator.java:158)
	at org.apache.http.impl.conn.PoolingHttpClientConnectionManager.connect(PoolingHttpClientConnectionManager.java:353)
	at org.apache.http.impl.execchain.MainClientExec.establishRoute(MainClientExec.java:380)
	at org.apache.http.impl.execchain.MainClientExec.execute(MainClientExec.java:236)
	at org.apache.http.impl.execchain.ProtocolExec.execute(ProtocolExec.java:184)
	at org.apache.http.impl.execchain.RetryExec.execute(RetryExec.java:88)
	at org.apache.http.impl.execchain.RedirectExec.execute(RedirectExec.java:110)
	at org.apache.http.impl.client.InternalHttpClient.doExecute(InternalHttpClient.java:184)
	at org.apache.http.impl.client.CloseableHttpClient.execute(CloseableHttpClient.java:71)
	at org.apache.http.impl.client.CloseableHttpClient.execute(CloseableHttpClient.java:55)
	at org.openqa.selenium.remote.internal.ApacheHttpClient.fallBackExecute(ApacheHttpClient.java:162)
	at org.openqa.selenium.remote.internal.ApacheHttpClient.execute(ApacheHttpClient.java:90)
	at org.openqa.selenium.remote.HttpCommandExecutor.execute(HttpCommandExecutor.java:142)
	at io.appium.java_client.remote.AppiumCommandExecutor.execute(AppiumCommandExecutor.java:69)
	... 43 more
Caused by: java.net.ConnectException: Connection refused: connect
	at java.net.DualStackPlainSocketImpl.waitForConnect(Native Method)
	at java.net.DualStackPlainSocketImpl.socketConnect(Unknown Source)
	at java.net.AbstractPlainSocketImpl.doConnect(Unknown Source)
	at java.net.AbstractPlainSocketImpl.connectToAddress(Unknown Source)
	at java.net.AbstractPlainSocketImpl.connect(Unknown Source)
	at java.net.PlainSocketImpl.connect(Unknown Source)
	at java.net.SocksSocketImpl.connect(Unknown Source)
	at java.net.Socket.connect(Unknown Source)
	at org.apache.http.conn.socket.PlainConnectionSocketFactory.connectSocket(PlainConnectionSocketFactory.java:74)
	at org.apache.http.impl.conn.DefaultHttpClientConnectionOperator.connect(DefaultHttpClientConnectionOperator.java:141)
	... 56 more
]]>
    </error>
  </testcase> <!-- TC146_Hbo_Resume_Alarm -->
  <testcase name="tearDown" time="0.000" classname="com.telkomsel.android.vmp.test.TC146_Drop1_Regression_Hbo_Resume_Alarm">
    <error type="org.openqa.selenium.remote.UnreachableBrowserException" message="Error communicating with the remote browser. It may have died.
Build info: version: &#039;2.53.1&#039;, revision: &#039;a36b8b1cd5757287168e54b817830adce9b0158d&#039;, time: &#039;2016-06-30 19:26:09&#039;
System info: host: &#039;L-156170068&#039;, ip: &#039;10.107.178.49&#039;, os.name: &#039;Windows 10&#039;, os.arch: &#039;amd64&#039;, os.version: &#039;10.0&#039;, java.version: &#039;1.8.0_221&#039;
Driver info: driver.version: RemoteWebDriver
Capabilities [{appPackage=com.maxstream, device.majorVersion=9, dontGoHomeOnQuit=false, device.os=Android, noReset=false, dontStopAppOnReset=false, reservationDuration=240, reportFormat=xml, deviceName=520011c7ea61b469, fullReset=false, platform=ANY, deviceUDID=520011c7ea61b469, install.only.for.update=false, desired={appPackage=com.maxstream, appActivity=.MainActivity, VERSION=9.0.0, automationName=uiautomator, reportDirectory=C:Usersdw37172tappiumstudio-reportsVMP_(Maxstream)#============CONFIG Manufacture===========, platformName=Android, deviceName=520011c7ea61b469}, device.serialNumber=520011c7ea61b469, locationServicesAuthorized=false, device.version=9, automationName=uiautomator, reportDirectory=C:Usersdw37172tappiumstudio-reportsVMP_(Maxstream)#============CONFIG Manufacture===========, autoWebview=false, platformName=Android, udid=520011c7ea61b469, testName=mobile test 11/25/19 04:47 PM, device.screenSize=720x1280, useKeystore=false, test.type=Mobile, device.manufacture=samsung, instrumentApp=false, appiumVersion=1.8.0, device.category=PHONE, autoDismissAlerts=false, reportUrl=C:\Users\da37860t\appiumstudio-reports\test566, newSessionWaitTimeout=600, keystorePath=~/.android/debug.keystore, appActivity=.MainActivity, installOnlyForUpdate=false, waitForDeviceTimeout=120000, device.model=SM-J701F, device.name=SM-J701F, VERSION=9.0.0, autoGrantPermissions=false, takeScreenshots=true, projectName=, autoAcceptAlerts=false}]
Session ID: 83600496-27ff-422c-bc10-1e4eef943d48">
      <![CDATA[org.openqa.selenium.remote.UnreachableBrowserException: Error communicating with the remote browser. It may have died.
Build info: version: '2.53.1', revision: 'a36b8b1cd5757287168e54b817830adce9b0158d', time: '2016-06-30 19:26:09'
System info: host: 'L-156170068', ip: '10.107.178.49', os.name: 'Windows 10', os.arch: 'amd64', os.version: '10.0', java.version: '1.8.0_221'
Driver info: driver.version: RemoteWebDriver
Capabilities [{appPackage=com.maxstream, device.majorVersion=9, dontGoHomeOnQuit=false, device.os=Android, noReset=false, dontStopAppOnReset=false, reservationDuration=240, reportFormat=xml, deviceName=520011c7ea61b469, fullReset=false, platform=ANY, deviceUDID=520011c7ea61b469, install.only.for.update=false, desired={appPackage=com.maxstream, appActivity=.MainActivity, VERSION=9.0.0, automationName=uiautomator, reportDirectory=C:Usersdw37172tappiumstudio-reportsVMP_(Maxstream)#============CONFIG Manufacture===========, platformName=Android, deviceName=520011c7ea61b469}, device.serialNumber=520011c7ea61b469, locationServicesAuthorized=false, device.version=9, automationName=uiautomator, reportDirectory=C:Usersdw37172tappiumstudio-reportsVMP_(Maxstream)#============CONFIG Manufacture===========, autoWebview=false, platformName=Android, udid=520011c7ea61b469, testName=mobile test 11/25/19 04:47 PM, device.screenSize=720x1280, useKeystore=false, test.type=Mobile, device.manufacture=samsung, instrumentApp=false, appiumVersion=1.8.0, device.category=PHONE, autoDismissAlerts=false, reportUrl=C:\Users\da37860t\appiumstudio-reports\test566, newSessionWaitTimeout=600, keystorePath=~/.android/debug.keystore, appActivity=.MainActivity, installOnlyForUpdate=false, waitForDeviceTimeout=120000, device.model=SM-J701F, device.name=SM-J701F, VERSION=9.0.0, autoGrantPermissions=false, takeScreenshots=true, projectName=, autoAcceptAlerts=false}]
Session ID: 83600496-27ff-422c-bc10-1e4eef943d48
	at org.openqa.selenium.remote.RemoteWebDriver.execute(RemoteWebDriver.java:665)
	at io.appium.java_client.DefaultGenericMobileDriver.execute(DefaultGenericMobileDriver.java:40)
	at io.appium.java_client.AppiumDriver.execute(AppiumDriver.java:235)
	at org.openqa.selenium.remote.RemoteWebDriver.quit(RemoteWebDriver.java:526)
	at com.telkomsel.android.vmp.utilities.BaseTest.tearDown(BaseTest.java:362)
	at sun.reflect.NativeMethodAccessorImpl.invoke0(Native Method)
	at sun.reflect.NativeMethodAccessorImpl.invoke(Unknown Source)
	at sun.reflect.DelegatingMethodAccessorImpl.invoke(Unknown Source)
	at java.lang.reflect.Method.invoke(Unknown Source)
	at org.testng.internal.MethodInvocationHelper.invokeMethod(MethodInvocationHelper.java:104)
	at org.testng.internal.Invoker.invokeConfigurationMethod(Invoker.java:515)
	at org.testng.internal.Invoker.invokeConfigurations(Invoker.java:217)
	at org.testng.internal.Invoker.invokeMethod(Invoker.java:712)
	at org.testng.internal.Invoker.invokeTestMethod(Invoker.java:851)
	at org.testng.internal.Invoker.invokeTestMethods(Invoker.java:1177)
	at org.testng.internal.TestMethodWorker.invokeTestMethods(TestMethodWorker.java:129)
	at org.testng.internal.TestMethodWorker.run(TestMethodWorker.java:112)
	at org.testng.TestRunner.privateRun(TestRunner.java:756)
	at org.testng.TestRunner.run(TestRunner.java:610)
	at org.testng.SuiteRunner.runTest(SuiteRunner.java:387)
	at org.testng.SuiteRunner.runSequentially(SuiteRunner.java:382)
	at org.testng.SuiteRunner.privateRun(SuiteRunner.java:340)
	at org.testng.SuiteRunner.run(SuiteRunner.java:289)
	at org.testng.SuiteRunnerWorker.runSuite(SuiteRunnerWorker.java:52)
	at org.testng.SuiteRunnerWorker.run(SuiteRunnerWorker.java:86)
	at org.testng.TestNG.runSuitesSequentially(TestNG.java:1293)
	at org.testng.TestNG.runSuitesLocally(TestNG.java:1218)
	at org.testng.TestNG.runSuites(TestNG.java:1133)
	at org.testng.TestNG.run(TestNG.java:1104)
	at org.testng.remote.AbstractRemoteTestNG.run(AbstractRemoteTestNG.java:115)
	at org.testng.remote.RemoteTestNG.initAndRun(RemoteTestNG.java:251)
	at org.testng.remote.RemoteTestNG.main(RemoteTestNG.java:77)
Caused by: org.openqa.selenium.WebDriverException: org.apache.http.conn.HttpHostConnectException: Connect to 127.0.0.1:4723 [/127.0.0.1] failed: Connection refused: connect
Build info: version: '2.53.1', revision: 'a36b8b1cd5757287168e54b817830adce9b0158d', time: '2016-06-30 19:26:09'
System info: host: 'L-156170068', ip: '10.107.178.49', os.name: 'Windows 10', os.arch: 'amd64', os.version: '10.0', java.version: '1.8.0_221'
Driver info: driver.version: RemoteWebDriver
	at io.appium.java_client.remote.AppiumCommandExecutor.execute(AppiumCommandExecutor.java:84)
	at org.openqa.selenium.remote.RemoteWebDriver.execute(RemoteWebDriver.java:644)
	... 31 more
Caused by: org.apache.http.conn.HttpHostConnectException: Connect to 127.0.0.1:4723 [/127.0.0.1] failed: Connection refused: connect
	at org.apache.http.impl.conn.DefaultHttpClientConnectionOperator.connect(DefaultHttpClientConnectionOperator.java:158)
	at org.apache.http.impl.conn.PoolingHttpClientConnectionManager.connect(PoolingHttpClientConnectionManager.java:353)
	at org.apache.http.impl.execchain.MainClientExec.establishRoute(MainClientExec.java:380)
	at org.apache.http.impl.execchain.MainClientExec.execute(MainClientExec.java:236)
	at org.apache.http.impl.execchain.ProtocolExec.execute(ProtocolExec.java:184)
	at org.apache.http.impl.execchain.RetryExec.execute(RetryExec.java:88)
	at org.apache.http.impl.execchain.RedirectExec.execute(RedirectExec.java:110)
	at org.apache.http.impl.client.InternalHttpClient.doExecute(InternalHttpClient.java:184)
	at org.apache.http.impl.client.CloseableHttpClient.execute(CloseableHttpClient.java:71)
	at org.apache.http.impl.client.CloseableHttpClient.execute(CloseableHttpClient.java:55)
	at org.openqa.selenium.remote.internal.ApacheHttpClient.fallBackExecute(ApacheHttpClient.java:144)
	at org.openqa.selenium.remote.internal.ApacheHttpClient.execute(ApacheHttpClient.java:90)
	at org.openqa.selenium.remote.HttpCommandExecutor.execute(HttpCommandExecutor.java:142)
	at io.appium.java_client.remote.AppiumCommandExecutor.execute(AppiumCommandExecutor.java:69)
	... 32 more
Caused by: java.net.ConnectException: Connection refused: connect
	at java.net.DualStackPlainSocketImpl.waitForConnect(Native Method)
	at java.net.DualStackPlainSocketImpl.socketConnect(Unknown Source)
	at java.net.AbstractPlainSocketImpl.doConnect(Unknown Source)
	at java.net.AbstractPlainSocketImpl.connectToAddress(Unknown Source)
	at java.net.AbstractPlainSocketImpl.connect(Unknown Source)
	at java.net.PlainSocketImpl.connect(Unknown Source)
	at java.net.SocksSocketImpl.connect(Unknown Source)
	at java.net.Socket.connect(Unknown Source)
	at org.apache.http.conn.socket.PlainConnectionSocketFactory.connectSocket(PlainConnectionSocketFactory.java:74)
	at org.apache.http.impl.conn.DefaultHttpClientConnectionOperator.connect(DefaultHttpClientConnectionOperator.java:141)
	... 45 more
]]>
    </error>
  </testcase> <!-- tearDown -->
</testsuite> <!-- com.telkomsel.android.vmp.test.TC146_Drop1_Regression_Hbo_Resume_Alarm -->
