<?xml version="1.0" encoding="UTF-8"?>
<!-- Generated by org.testng.reporters.JUnitReportReporter -->
<testsuite name="com.telkomsel.android.vmp.phase23.drop2.TC07_Drop1_Regression_Facebook_Preroll" tests="1" time="96.165" ignored="0" failures="0" timestamp="03 Dec 2019 08:10:12 GMT" skipped="0" hostname="L-156170068" errors="0">
  <testcase name="TC07_Facebook_Preroll_Played" time="96.165" classname="com.telkomsel.android.vmp.phase23.drop2.TC07_Drop1_Regression_Facebook_Preroll"/>
</testsuite> <!-- com.telkomsel.android.vmp.phase23.drop2.TC07_Drop1_Regression_Facebook_Preroll -->
