<?xml version="1.0" encoding="UTF-8"?>
<!-- Generated by org.testng.reporters.JUnitReportReporter -->
<testsuite name="com.telkomsel.android.vmp.test.TC83_Drop1_Regression_Pubmatic_Midroll_Banner_Nonlogin" tests="1" time="279.701" ignored="0" failures="0" timestamp="06 Nov 2019 09:14:59 GMT" skipped="0" hostname="L-156170068" errors="0">
  <testcase name="TC83_Pubmatic_Midroll_Banner_Nonlogin" time="279.701" classname="com.telkomsel.android.vmp.test.TC83_Drop1_Regression_Pubmatic_Midroll_Banner_Nonlogin"/>
</testsuite> <!-- com.telkomsel.android.vmp.test.TC83_Drop1_Regression_Pubmatic_Midroll_Banner_Nonlogin -->
