<?xml version="1.0" encoding="UTF-8"?>
<!-- Generated by org.testng.reporters.JUnitReportReporter -->
<testsuite ignored="0" hostname="IDMAC008s-MacBook-Pro.local" failures="0" tests="1" name="android.ninetynine.srp.sorting.C2183_SortBy" time="171.632" errors="0" timestamp="08 Feb 2021 14:24:05 GMT" skipped="0">
  <testcase classname="android.ninetynine.srp.sorting.C2183_SortBy" name="C2183_Sort_By" time="171.632"/>
</testsuite> <!-- android.ninetynine.srp.sorting.C2183_SortBy -->
