<?xml version="1.0" encoding="UTF-8"?>
<!-- Generated by org.testng.reporters.JUnitReportReporter -->
<testsuite name="com.telkomsel.android.vmp.test.TC72_Drop1_Regression_Pubmatic_Midroll_Banner" tests="1" time="125.612" ignored="0" failures="0" timestamp="04 Nov 2019 07:07:09 GMT" skipped="0" hostname="L-156170068" errors="0">
  <testcase name="TC72_Pubmatic_Midroll_Played" time="125.612" classname="com.telkomsel.android.vmp.test.TC72_Drop1_Regression_Pubmatic_Midroll_Banner"/>
</testsuite> <!-- com.telkomsel.android.vmp.test.TC72_Drop1_Regression_Pubmatic_Midroll_Banner -->
