<?xml version="1.0" encoding="UTF-8"?>
<!-- Generated by org.testng.reporters.JUnitReportReporter -->
<testsuite name="com.telkomsel.android.vmp.test.Group2_Regression_PreLoginBrowseFlow_MenuNavigation" tests="1" time="441.209" ignored="0" failures="0" timestamp="07 Oct 2019 03:03:01 GMT" skipped="0" hostname="L-156182171" errors="0">
  <testcase name="Test_Regression_PreLoginBrowseFlow_MenuNavigation" time="441.209" classname="com.telkomsel.android.vmp.test.Group2_Regression_PreLoginBrowseFlow_MenuNavigation"/>
</testsuite> <!-- com.telkomsel.android.vmp.test.Group2_Regression_PreLoginBrowseFlow_MenuNavigation -->
