<?xml version="1.0" encoding="UTF-8"?>
<!-- Generated by org.testng.reporters.JUnitReportReporter -->
<testsuite ignored="0" hostname="IDMAC008s-MacBook-Pro.local" failures="0" tests="1" name="android.ninetynine.ldp.enquiry.C1336_LDP_NoAcc_MustSee_ChatEnquiry" time="134.013" errors="0" timestamp="22 Feb 2021 16:10:49 GMT" skipped="0">
  <testcase classname="android.ninetynine.ldp.enquiry.C1336_LDP_NoAcc_MustSee_ChatEnquiry" name="C1336_LDP_NoAcc_MustSee_Chat_Enquiry" time="134.013"/>
</testsuite> <!-- android.ninetynine.ldp.enquiry.C1336_LDP_NoAcc_MustSee_ChatEnquiry -->
