<?xml version="1.0" encoding="UTF-8"?>
<!-- Generated by org.testng.reporters.JUnitReportReporter -->
<testsuite name="com.telkomsel.android.vmp.phase23.drop1.TC016toTC018_Drop1_Regression_Amobee_AdTest1" tests="1" time="160.222" ignored="0" failures="0" timestamp="03 Dec 2019 04:09:14 GMT" skipped="0" hostname="L-156170068" errors="0">
  <testcase name="TC16toTC18_Amobee_Midroll_Played" time="160.222" classname="com.telkomsel.android.vmp.phase23.drop1.TC016toTC018_Drop1_Regression_Amobee_AdTest1"/>
</testsuite> <!-- com.telkomsel.android.vmp.phase23.drop1.TC016toTC018_Drop1_Regression_Amobee_AdTest1 -->
