<?xml version="1.0" encoding="UTF-8"?>
<!-- Generated by org.testng.reporters.JUnitReportReporter -->
<testsuite name="com.telkomsel.android.vmp.test.ciam.TC060_Drop2_Regression_FreeContent" tests="1" time="102.761" ignored="0" failures="0" timestamp="10 Dec 2019 16:39:17 GMT" skipped="0" hostname="L-156170068" errors="0">
  <testcase name="TC060_Free_Content" time="102.761" classname="com.telkomsel.android.vmp.test.ciam.TC060_Drop2_Regression_FreeContent"/>
</testsuite> <!-- com.telkomsel.android.vmp.test.ciam.TC060_Drop2_Regression_FreeContent -->
