<?xml version="1.0" encoding="UTF-8"?>
<!-- Generated by org.testng.reporters.JUnitReportReporter -->
<testsuite ignored="0" hostname="IDMAC008s-MacBook-Pro.local" failures="0" tests="1" name="android.ninetynine.ldp.enquiry.C1379_Ldp_LoginUnver_MustSee_GalleryEnquiry" time="151.230" errors="0" timestamp="22 Feb 2021 17:02:45 GMT" skipped="0">
  <testcase classname="android.ninetynine.ldp.enquiry.C1379_Ldp_LoginUnver_MustSee_GalleryEnquiry" name="C1379_Ldp_LoginUnver_MustSee_Phone_Enquiry" time="151.230"/>
</testsuite> <!-- android.ninetynine.ldp.enquiry.C1379_Ldp_LoginUnver_MustSee_GalleryEnquiry -->
