<?xml version="1.0" encoding="UTF-8"?>
<!-- Generated by org.testng.reporters.JUnitReportReporter -->
<testsuite name="com.telkomsel.android.vmp.test.Group1_Regression_Post_NewTestCases_AutosuggestForSearch" tests="1" time="107.298" ignored="0" failures="0" timestamp="07 Oct 2019 11:24:57 GMT" skipped="0" hostname="L-156182171" errors="0">
  <testcase name="testSupportFAQ" time="107.298" classname="com.telkomsel.android.vmp.test.Group1_Regression_Post_NewTestCases_AutosuggestForSearch"/>
</testsuite> <!-- com.telkomsel.android.vmp.test.Group1_Regression_Post_NewTestCases_AutosuggestForSearch -->
