<?xml version="1.0" encoding="UTF-8"?>
<!-- Generated by org.testng.reporters.JUnitReportReporter -->
<testsuite name="com.telkomsel.android.vmp.phase3.drop1.amobee.TC20_Drop1_Regression_Amobee_AdTest9" tests="1" time="93.347" ignored="0" failures="0" timestamp="11 Feb 2020 09:27:35 GMT" skipped="0" hostname="L-156170068" errors="0">
  <testcase name="TC21_Amobee_Preroll_UPCC" time="93.347" classname="com.telkomsel.android.vmp.phase3.drop1.amobee.TC20_Drop1_Regression_Amobee_AdTest9"/>
</testsuite> <!-- com.telkomsel.android.vmp.phase3.drop1.amobee.TC20_Drop1_Regression_Amobee_AdTest9 -->
