<?xml version="1.0" encoding="UTF-8"?>
<!-- Generated by org.testng.reporters.JUnitReportReporter -->
<testsuite name="com.telkomsel.android.vmp.test.TC31_Share_Whatsapp" tests="1" time="34.418" ignored="0" failures="0" timestamp="12 Nov 2019 04:38:51 GMT" skipped="0" hostname="L-156170068" errors="1">
  <testcase name="TC31_Content_Share_Whatsapp" time="34.418" classname="com.telkomsel.android.vmp.test.TC31_Share_Whatsapp">
    <error type="org.openqa.selenium.WebDriverException" message="unknown error (An unknown server-side error occurred. status=&#039;false&#039;. Failed to complete internal method: &#039;startActivity args: [com.whatsapp, .Main, com.whatsapp, .Main, null, null, null, null, true, 10000]&#039;, details: Failed to start activity . wait for com.whatsapp/.Main failed after timeout)  (WARNING: The server did not provide any stacktrace information)
Command duration or timeout: 11.09 seconds
Build info: version: &#039;2.53.1&#039;, revision: &#039;a36b8b1cd5757287168e54b817830adce9b0158d&#039;, time: &#039;2016-06-30 19:26:09&#039;
System info: host: &#039;L-156170068&#039;, ip: &#039;172.16.1.152&#039;, os.name: &#039;Windows 10&#039;, os.arch: &#039;amd64&#039;, os.version: &#039;10.0&#039;, java.version: &#039;1.8.0_221&#039;
Driver info: io.appium.java_client.android.AndroidDriver
Capabilities [{appPackage=com.maxstream, device.majorVersion=9, dontGoHomeOnQuit=false, device.os=Android, noReset=false, dontStopAppOnReset=false, reservationDuration=240, reportFormat=xml, deviceName=520011c7ea61b469, fullReset=false, platform=ANY, deviceUDID=520011c7ea61b469, install.only.for.update=false, desired={appPackage=com.maxstream, appActivity=.MainActivity, VERSION=9.0.0, automationName=uiautomator, reportDirectory=C:Usersdw37172tappiumstudio-reportsVMP_(Maxstream)#============CONFIG Manufacture===========, platformName=Android, deviceName=520011c7ea61b469}, device.serialNumber=520011c7ea61b469, locationServicesAuthorized=false, device.version=9, automationName=uiautomator, reportDirectory=C:Usersdw37172tappiumstudio-reportsVMP_(Maxstream)#============CONFIG Manufacture===========, autoWebview=false, platformName=Android, udid=520011c7ea61b469, testName=mobile test 11/12/19 11:38 AM, device.screenSize=720x1280, useKeystore=false, test.type=Mobile, device.manufacture=samsung, instrumentApp=false, appiumVersion=1.8.0, device.category=PHONE, autoDismissAlerts=false, reportUrl=C:\Users\da37860t\appiumstudio-reports\test362, newSessionWaitTimeout=600, keystorePath=~/.android/debug.keystore, appActivity=.MainActivity, installOnlyForUpdate=false, waitForDeviceTimeout=120000, device.model=SM-J701F, device.name=SM-J701F, VERSION=9.0.0, autoGrantPermissions=false, takeScreenshots=true, projectName=, autoAcceptAlerts=false}]
Session ID: 565456d3-ab8d-47ec-a893-f99913a1c1e1">
      <![CDATA[org.openqa.selenium.WebDriverException: unknown error (An unknown server-side error occurred. status='false'. Failed to complete internal method: 'startActivity args: [com.whatsapp, .Main, com.whatsapp, .Main, null, null, null, null, true, 10000]', details: Failed to start activity . wait for com.whatsapp/.Main failed after timeout)  (WARNING: The server did not provide any stacktrace information)
Command duration or timeout: 11.09 seconds
Build info: version: '2.53.1', revision: 'a36b8b1cd5757287168e54b817830adce9b0158d', time: '2016-06-30 19:26:09'
System info: host: 'L-156170068', ip: '172.16.1.152', os.name: 'Windows 10', os.arch: 'amd64', os.version: '10.0', java.version: '1.8.0_221'
Driver info: io.appium.java_client.android.AndroidDriver
Capabilities [{appPackage=com.maxstream, device.majorVersion=9, dontGoHomeOnQuit=false, device.os=Android, noReset=false, dontStopAppOnReset=false, reservationDuration=240, reportFormat=xml, deviceName=520011c7ea61b469, fullReset=false, platform=ANY, deviceUDID=520011c7ea61b469, install.only.for.update=false, desired={appPackage=com.maxstream, appActivity=.MainActivity, VERSION=9.0.0, automationName=uiautomator, reportDirectory=C:Usersdw37172tappiumstudio-reportsVMP_(Maxstream)#============CONFIG Manufacture===========, platformName=Android, deviceName=520011c7ea61b469}, device.serialNumber=520011c7ea61b469, locationServicesAuthorized=false, device.version=9, automationName=uiautomator, reportDirectory=C:Usersdw37172tappiumstudio-reportsVMP_(Maxstream)#============CONFIG Manufacture===========, autoWebview=false, platformName=Android, udid=520011c7ea61b469, testName=mobile test 11/12/19 11:38 AM, device.screenSize=720x1280, useKeystore=false, test.type=Mobile, device.manufacture=samsung, instrumentApp=false, appiumVersion=1.8.0, device.category=PHONE, autoDismissAlerts=false, reportUrl=C:\Users\da37860t\appiumstudio-reports\test362, newSessionWaitTimeout=600, keystorePath=~/.android/debug.keystore, appActivity=.MainActivity, installOnlyForUpdate=false, waitForDeviceTimeout=120000, device.model=SM-J701F, device.name=SM-J701F, VERSION=9.0.0, autoGrantPermissions=false, takeScreenshots=true, projectName=, autoAcceptAlerts=false}]
Session ID: 565456d3-ab8d-47ec-a893-f99913a1c1e1
	at sun.reflect.NativeConstructorAccessorImpl.newInstance0(Native Method)
	at sun.reflect.NativeConstructorAccessorImpl.newInstance(Unknown Source)
	at sun.reflect.DelegatingConstructorAccessorImpl.newInstance(Unknown Source)
	at java.lang.reflect.Constructor.newInstance(Unknown Source)
	at org.openqa.selenium.remote.ErrorHandler.createThrowable(ErrorHandler.java:206)
	at org.openqa.selenium.remote.ErrorHandler.throwIfResponseFailed(ErrorHandler.java:158)
	at org.openqa.selenium.remote.RemoteWebDriver.execute(RemoteWebDriver.java:678)
	at io.appium.java_client.DefaultGenericMobileDriver.execute(DefaultGenericMobileDriver.java:40)
	at io.appium.java_client.AppiumDriver.execute(AppiumDriver.java:1)
	at io.appium.java_client.android.AndroidDriver.execute(AndroidDriver.java:1)
	at io.appium.java_client.CommandExecutionHelper.execute(CommandExecutionHelper.java:32)
	at io.appium.java_client.android.AndroidDriver.startActivity(AndroidDriver.java:266)
	at io.appium.java_client.android.AndroidDriver.startActivity(AndroidDriver.java:291)
	at com.telkomsel.android.vmp.utilities.BaseTest.changed_whatsappApps(BaseTest.java:130)
	at com.telkomsel.android.vmp.test.TC31_Share_Whatsapp.TC31_Content_Share_Whatsapp(TC31_Share_Whatsapp.java:37)
	at sun.reflect.NativeMethodAccessorImpl.invoke0(Native Method)
	at sun.reflect.NativeMethodAccessorImpl.invoke(Unknown Source)
	at sun.reflect.DelegatingMethodAccessorImpl.invoke(Unknown Source)
	at java.lang.reflect.Method.invoke(Unknown Source)
	at org.testng.internal.MethodInvocationHelper.invokeMethod(MethodInvocationHelper.java:104)
	at org.testng.internal.Invoker.invokeMethod(Invoker.java:645)
	at org.testng.internal.Invoker.invokeTestMethod(Invoker.java:851)
	at org.testng.internal.Invoker.invokeTestMethods(Invoker.java:1177)
	at org.testng.internal.TestMethodWorker.invokeTestMethods(TestMethodWorker.java:129)
	at org.testng.internal.TestMethodWorker.run(TestMethodWorker.java:112)
	at org.testng.TestRunner.privateRun(TestRunner.java:756)
	at org.testng.TestRunner.run(TestRunner.java:610)
	at org.testng.SuiteRunner.runTest(SuiteRunner.java:387)
	at org.testng.SuiteRunner.runSequentially(SuiteRunner.java:382)
	at org.testng.SuiteRunner.privateRun(SuiteRunner.java:340)
	at org.testng.SuiteRunner.run(SuiteRunner.java:289)
	at org.testng.SuiteRunnerWorker.runSuite(SuiteRunnerWorker.java:52)
	at org.testng.SuiteRunnerWorker.run(SuiteRunnerWorker.java:86)
	at org.testng.TestNG.runSuitesSequentially(TestNG.java:1293)
	at org.testng.TestNG.runSuitesLocally(TestNG.java:1218)
	at org.testng.TestNG.runSuites(TestNG.java:1133)
	at org.testng.TestNG.run(TestNG.java:1104)
	at org.testng.remote.AbstractRemoteTestNG.run(AbstractRemoteTestNG.java:115)
	at org.testng.remote.RemoteTestNG.initAndRun(RemoteTestNG.java:251)
	at org.testng.remote.RemoteTestNG.main(RemoteTestNG.java:77)
]]>
    </error>
  </testcase> <!-- TC31_Content_Share_Whatsapp -->
</testsuite> <!-- com.telkomsel.android.vmp.test.TC31_Share_Whatsapp -->
