<?xml version="1.0" encoding="UTF-8"?>
<!-- Generated by org.testng.reporters.JUnitReportReporter -->
<testsuite name="android.ninetynine.auth.C1260_LogoutVerUser" tests="1" time="66.485" ignored="0" failures="0" timestamp="09 Nov 2020 13:08:39 GMT" skipped="0" hostname="daniamrth" errors="0">
  <testcase name="C1260_Logout_VerUser" time="66.485" classname="android.ninetynine.auth.C1260_LogoutVerUser"/>
</testsuite> <!-- android.ninetynine.auth.C1260_LogoutVerUser -->
