<?xml version="1.0" encoding="UTF-8"?>
<!-- Generated by org.testng.reporters.JUnitReportReporter -->
<testsuite name="com.telkomsel.android.vmp.test.TC118_Drop1_Regression_Hbo_Login_BackButton" tests="1" time="113.377" ignored="0" failures="0" timestamp="14 Nov 2019 08:31:25 GMT" skipped="0" hostname="L-156170068" errors="0">
  <testcase name="TC01_Nps" time="113.377" classname="com.telkomsel.android.vmp.test.TC118_Drop1_Regression_Hbo_Login_BackButton"/>
</testsuite> <!-- com.telkomsel.android.vmp.test.TC118_Drop1_Regression_Hbo_Login_BackButton -->
