<?xml version="1.0" encoding="UTF-8"?>
<!-- Generated by org.testng.reporters.JUnitReportReporter -->
<testsuite name="android.ninetynine.auth.RegUnverUser" tests="1" time="74.579" ignored="0" failures="0" timestamp="21 Nov 2020 10:34:44 GMT" skipped="0" hostname="daniamrth" errors="0">
  <testcase name="C_RegUnverUser" time="74.579" classname="android.ninetynine.auth.RegUnverUser"/>
</testsuite> <!-- android.ninetynine.auth.RegUnverUser -->
