<?xml version="1.0" encoding="UTF-8"?>
<!-- Generated by org.testng.reporters.JUnitReportReporter -->
<testsuite name="com.telkomsel.android.vmp.phase4.drop1.hbo.TC196_Regression_Hbo_Share_Skype" tests="1" time="79.945" ignored="0" failures="0" timestamp="13 Feb 2020 04:26:27 GMT" skipped="0" hostname="L-156170068" errors="0">
  <testcase name="TC30_Content_Share_Skype" time="79.945" classname="com.telkomsel.android.vmp.phase4.drop1.hbo.TC196_Regression_Hbo_Share_Skype"/>
</testsuite> <!-- com.telkomsel.android.vmp.phase4.drop1.hbo.TC196_Regression_Hbo_Share_Skype -->
