<?xml version="1.0" encoding="UTF-8"?>
<!-- Generated by org.testng.reporters.JUnitReportReporter -->
<testsuite name="com.telkomsel.android.vmp.test.TC65_Drop1_Regression_Pubmatic_Preroll_Skip" tests="1" time="91.792" ignored="0" failures="0" timestamp="30 Oct 2019 10:57:36 GMT" skipped="0" hostname="L-156170068" errors="0">
  <testcase name="Test_Regression_Pre_TestCases_Search" time="91.792" classname="com.telkomsel.android.vmp.test.TC65_Drop1_Regression_Pubmatic_Preroll_Skip"/>
</testsuite> <!-- com.telkomsel.android.vmp.test.TC65_Drop1_Regression_Pubmatic_Preroll_Skip -->
