<?xml version="1.0" encoding="UTF-8"?>
<!-- Generated by org.testng.reporters.JUnitReportReporter -->
<testsuite name="com.telkomsel.android.vmp.phase3.drop1.inmobi.TC14_Drop1_Regression_Inmobi_MidrollBanner_AdTest2" tests="1" time="129.169" ignored="0" failures="0" timestamp="12 Feb 2020 04:10:51 GMT" skipped="0" hostname="L-156170068" errors="0">
  <testcase name="TC14_Inmobi_Midroll_Banner" time="129.169" classname="com.telkomsel.android.vmp.phase3.drop1.inmobi.TC14_Drop1_Regression_Inmobi_MidrollBanner_AdTest2"/>
</testsuite> <!-- com.telkomsel.android.vmp.phase3.drop1.inmobi.TC14_Drop1_Regression_Inmobi_MidrollBanner_AdTest2 -->
