<?xml version="1.0" encoding="UTF-8"?>
<!-- Generated by org.testng.reporters.JUnitReportReporter -->
<testsuite name="com.telkomsel.android.vmp.test.TC045_Drop2_Regression_NonTsel_Pack" tests="1" time="318.159" ignored="0" failures="0" timestamp="21 Nov 2019 12:36:07 GMT" skipped="0" hostname="L-156170068" errors="0">
  <testcase name="TC045_NonTsel_Login_Pack" time="318.159" classname="com.telkomsel.android.vmp.test.TC045_Drop2_Regression_NonTsel_Pack"/>
</testsuite> <!-- com.telkomsel.android.vmp.test.TC045_Drop2_Regression_NonTsel_Pack -->
