<?xml version="1.0" encoding="UTF-8"?>
<!-- Generated by org.testng.reporters.JUnitReportReporter -->
<testsuite name="com.telkomsel.android.vmp.test.Group1_Regression_Post_Browse_ViuHomepage" tests="1" time="263.293" ignored="0" failures="0" timestamp="07 Oct 2019 07:32:33 GMT" skipped="0" hostname="L-156182171" errors="0">
  <testcase name="Regression_Post_Browse_ViuHomepage" time="263.293" classname="com.telkomsel.android.vmp.test.Group1_Regression_Post_Browse_ViuHomepage"/>
</testsuite> <!-- com.telkomsel.android.vmp.test.Group1_Regression_Post_Browse_ViuHomepage -->
