<?xml version="1.0" encoding="UTF-8"?>
<!-- Generated by org.testng.reporters.JUnitReportReporter -->
<testsuite name="com.telkomsel.android.vmp.test.TC16_Drop1_Regression_Amobee_Midroll" tests="1" time="189.551" ignored="0" failures="0" timestamp="27 Nov 2019 07:20:08 GMT" skipped="0" hostname="L-156170068" errors="0">
  <testcase name="TC16_Amobee_Midroll_Played" time="189.551" classname="com.telkomsel.android.vmp.test.TC16_Drop1_Regression_Amobee_Midroll"/>
</testsuite> <!-- com.telkomsel.android.vmp.test.TC16_Drop1_Regression_Amobee_Midroll -->
