<?xml version="1.0" encoding="UTF-8"?>
<!-- Generated by org.testng.reporters.JUnitReportReporter -->
<testsuite ignored="0" hostname="IDMAC008s-MacBook-Pro.local" failures="0" tests="1" name="android.ninetynine.pagerendering.C33411_PageRendering_LDP_MustSee_LoginVer" time="158.176" errors="0" timestamp="19 Feb 2021 07:05:24 GMT" skipped="0">
  <testcase classname="android.ninetynine.pagerendering.C33411_PageRendering_LDP_MustSee_LoginVer" name="C33411_PageRendering_LDP_MustSee_Login_Ver" time="158.176"/>
</testsuite> <!-- android.ninetynine.pagerendering.C33411_PageRendering_LDP_MustSee_LoginVer -->
