<?xml version="1.0" encoding="UTF-8"?>
<!-- Generated by org.testng.reporters.JUnitReportReporter -->
<testsuite name="com.telkomsel.android.vmp.test.TC60_Drop1_Regression_Pubmatic_Preroll" tests="1" time="76.752" ignored="0" failures="0" timestamp="01 Nov 2019 07:03:00 GMT" skipped="0" hostname="L-156170068" errors="0">
  <testcase name="TC57_Pubmatic_Preroll_Series" time="76.752" classname="com.telkomsel.android.vmp.test.TC60_Drop1_Regression_Pubmatic_Preroll"/>
</testsuite> <!-- com.telkomsel.android.vmp.test.TC60_Drop1_Regression_Pubmatic_Preroll -->
