<?xml version="1.0" encoding="UTF-8"?>
<!-- Generated by org.testng.reporters.JUnitReportReporter -->
<testsuite ignored="0" hostname="IDMAC008s-MacBook-Pro.local" failures="0" tests="1" name="android.ninetynine.pagerendering.C33417_PageRendering_SRP_NonLogin" time="134.193" errors="0" timestamp="19 Feb 2021 07:05:24 GMT" skipped="0">
  <testcase classname="android.ninetynine.pagerendering.C33417_PageRendering_SRP_NonLogin" name="C33417_PageRendering_SRP_Non_Login" time="134.193"/>
</testsuite> <!-- android.ninetynine.pagerendering.C33417_PageRendering_SRP_NonLogin -->
