<?xml version="1.0" encoding="UTF-8"?>
<!-- Generated by org.testng.reporters.JUnitReportReporter -->
<testsuite name="com.telkomsel.android.vmp.test.TC30_Drop1_Regression_Share_Skype" tests="1" time="189.152" ignored="0" failures="0" timestamp="18 Nov 2019 10:53:25 GMT" skipped="0" hostname="L-156170068" errors="0">
  <testcase name="TC30_Content_Share_Skype" time="189.152" classname="com.telkomsel.android.vmp.test.TC30_Drop1_Regression_Share_Skype"/>
</testsuite> <!-- com.telkomsel.android.vmp.test.TC30_Drop1_Regression_Share_Skype -->
