<?xml version="1.0" encoding="UTF-8"?>
<!-- Generated by org.testng.reporters.JUnitReportReporter -->
<testsuite name="android.ninetynine.pagerendering.C19_PageRendering_SRP_LoginAgent" tests="1" time="202.737" ignored="0" failures="0" timestamp="29 Dec 2020 17:24:09 GMT" skipped="0" hostname="daniamrth" errors="0">
  <testcase name="C19_PageRendering_SRP_Login_Agent" time="202.737" classname="android.ninetynine.pagerendering.C19_PageRendering_SRP_LoginAgent"/>
</testsuite> <!-- android.ninetynine.pagerendering.C19_PageRendering_SRP_LoginAgent -->
