<?xml version="1.0" encoding="UTF-8"?>
<!-- Generated by org.testng.reporters.JUnitReportReporter -->
<testsuite name="com.telkomsel.android.vmp.test.TC038_Drop2_Regression_NonTsel_ErrorLogin" tests="1" time="108.788" ignored="0" failures="0" timestamp="20 Nov 2019 09:46:33 GMT" skipped="0" hostname="L-156170068" errors="0">
  <testcase name="TC38_NonTsel_ErrorLogin" time="108.788" classname="com.telkomsel.android.vmp.test.TC038_Drop2_Regression_NonTsel_ErrorLogin"/>
</testsuite> <!-- com.telkomsel.android.vmp.test.TC038_Drop2_Regression_NonTsel_ErrorLogin -->
