<?xml version="1.0" encoding="UTF-8"?>
<!-- Generated by org.testng.reporters.JUnitReportReporter -->
<testsuite name="com.telkomsel.android.vmp.phase3.drop2.sosmed.TC29_Drop1_Regression_Share_Viber" tests="1" time="83.234" ignored="0" failures="0" timestamp="12 Feb 2020 11:10:17 GMT" skipped="0" hostname="L-156170068" errors="0">
  <testcase name="TC29_Content_Share_Viber" time="83.234" classname="com.telkomsel.android.vmp.phase3.drop2.sosmed.TC29_Drop1_Regression_Share_Viber"/>
</testsuite> <!-- com.telkomsel.android.vmp.phase3.drop2.sosmed.TC29_Drop1_Regression_Share_Viber -->
