<?xml version="1.0" encoding="UTF-8"?>
<!-- Generated by org.testng.reporters.JUnitReportReporter -->
<testsuite name="com.telkomsel.android.vmp.test.ciam.TC037_Drop2_Regression_Login_Pack" tests="1" time="102.765" ignored="0" failures="0" timestamp="10 Dec 2019 13:22:48 GMT" skipped="0" hostname="L-156170068" errors="0">
  <testcase name="TC037_Pack_Login" time="102.765" classname="com.telkomsel.android.vmp.test.ciam.TC037_Drop2_Regression_Login_Pack"/>
</testsuite> <!-- com.telkomsel.android.vmp.test.ciam.TC037_Drop2_Regression_Login_Pack -->
