<?xml version="1.0" encoding="UTF-8"?>
<!-- Generated by org.testng.reporters.JUnitReportReporter -->
<testsuite name="android.ninetynine.pagerendering.C13_PageRendering_LDP_Reg_LoginUnver" tests="1" time="202.897" ignored="0" failures="0" timestamp="29 Dec 2020 16:22:40 GMT" skipped="0" hostname="daniamrth" errors="0">
  <testcase name="C13_PageRendering_LDP_Reg_Login_Unver" time="202.897" classname="android.ninetynine.pagerendering.C13_PageRendering_LDP_Reg_LoginUnver"/>
</testsuite> <!-- android.ninetynine.pagerendering.C13_PageRendering_LDP_Reg_LoginUnver -->
