<?xml version="1.0" encoding="UTF-8"?>
<!-- Generated by org.testng.reporters.JUnitReportReporter -->
<testsuite name="com.telkomsel.android.vmp.test.TC29_Share_Viber" tests="1" time="77.571" ignored="0" failures="0" timestamp="12 Nov 2019 04:47:58 GMT" skipped="0" hostname="L-156170068" errors="0">
  <testcase name="TC29_Content_Share_Viber" time="77.571" classname="com.telkomsel.android.vmp.test.TC29_Share_Viber"/>
</testsuite> <!-- com.telkomsel.android.vmp.test.TC29_Share_Viber -->
