<?xml version="1.0" encoding="UTF-8"?>
<!-- Generated by org.testng.reporters.JUnitReportReporter -->
<testsuite name="com.telkomsel.android.vmp.test.ciam.TC025_Drop2_Regression" tests="1" time="194.903" ignored="0" failures="0" timestamp="28 Nov 2019 10:22:38 GMT" skipped="0" hostname="L-156170068" errors="0">
  <testcase name="TC025_Login" time="194.903" classname="com.telkomsel.android.vmp.test.ciam.TC025_Drop2_Regression"/>
</testsuite> <!-- com.telkomsel.android.vmp.test.ciam.TC025_Drop2_Regression -->
