<?xml version="1.0" encoding="UTF-8"?>
<!-- Generated by org.testng.reporters.JUnitReportReporter -->
<testsuite name="com.telkomsel.android.vmp.phase4.drop1.hbo.TC148_Drop1_Regression_Hbo_Nonlogin" tests="1" time="107.450" ignored="0" failures="0" timestamp="13 Feb 2020 03:41:30 GMT" skipped="0" hostname="L-156170068" errors="0">
  <testcase name="TC111_Hbo_Nonlogin" time="107.450" classname="com.telkomsel.android.vmp.phase4.drop1.hbo.TC148_Drop1_Regression_Hbo_Nonlogin"/>
</testsuite> <!-- com.telkomsel.android.vmp.phase4.drop1.hbo.TC148_Drop1_Regression_Hbo_Nonlogin -->
