<?xml version="1.0" encoding="UTF-8"?>
<!-- Generated by org.testng.reporters.JUnitReportReporter -->
<testsuite name="com.telkomsel.android.vmp.test.TC27_Share_Facebook" tests="1" time="136.128" ignored="0" failures="0" timestamp="11 Nov 2019 10:17:12 GMT" skipped="0" hostname="L-156170068" errors="0">
  <testcase name="TC28_Content_Share_Twitter" time="136.128" classname="com.telkomsel.android.vmp.test.TC27_Share_Facebook"/>
</testsuite> <!-- com.telkomsel.android.vmp.test.TC27_Share_Facebook -->
