<?xml version="1.0" encoding="UTF-8"?>
<!-- Generated by org.testng.reporters.JUnitReportReporter -->
<testsuite name="com.telkomsel.android.vmp.test.Group1_Regression_Post_TestCases_ProfileSetting" tests="1" time="94.697" ignored="0" failures="0" timestamp="08 Oct 2019 04:55:45 GMT" skipped="0" hostname="L-156182171" errors="0">
  <testcase name="Test_Regression_Post_Prepaid_ProfileSetting" time="94.697" classname="com.telkomsel.android.vmp.test.Group1_Regression_Post_TestCases_ProfileSetting"/>
</testsuite> <!-- com.telkomsel.android.vmp.test.Group1_Regression_Post_TestCases_ProfileSetting -->
