<?xml version="1.0" encoding="UTF-8"?>
<!-- Generated by org.testng.reporters.JUnitReportReporter -->
<testsuite name="android.ninetynine.pagerendering.C10_PageRendering_LDP_MustSee_LoginVer" tests="1" time="188.664" ignored="0" failures="0" timestamp="29 Dec 2020 15:21:36 GMT" skipped="0" hostname="daniamrth" errors="0">
  <testcase name="C10_PageRendering_LDP_Must_See_LoginVer" time="188.664" classname="android.ninetynine.pagerendering.C10_PageRendering_LDP_MustSee_LoginVer"/>
</testsuite> <!-- android.ninetynine.pagerendering.C10_PageRendering_LDP_MustSee_LoginVer -->
