<?xml version="1.0" encoding="UTF-8"?>
<!-- Generated by org.testng.reporters.JUnitReportReporter -->
<testsuite ignored="0" hostname="IDMAC008s-MacBook-Pro.local" failures="0" tests="1" name="android.ninetynine.ldp.enquiry.C1383_LDP_Ver_Reg_GalleryEnquiry" time="146.226" errors="0" timestamp="22 Feb 2021 17:02:45 GMT" skipped="0">
  <testcase classname="android.ninetynine.ldp.enquiry.C1383_LDP_Ver_Reg_GalleryEnquiry" name="C1383_LDP_Ver_Reg_Gallery_Enquiry" time="146.226"/>
</testsuite> <!-- android.ninetynine.ldp.enquiry.C1383_LDP_Ver_Reg_GalleryEnquiry -->
