<?xml version="1.0" encoding="UTF-8"?>
<!-- Generated by org.testng.reporters.JUnitReportReporter -->
<testsuite ignored="0" hostname="IDMAC008s-MacBook-Pro.local" failures="0" tests="1" name="android.ninetynine.ldp.enquiry.C1376_LDP_NoAcc_MustSee_GalleryEnquiry" time="148.337" errors="0" timestamp="22 Feb 2021 17:02:45 GMT" skipped="0">
  <testcase classname="android.ninetynine.ldp.enquiry.C1376_LDP_NoAcc_MustSee_GalleryEnquiry" name="C1376_LDP_NoAcc_MustSee_Gallery_Enquiry" time="148.337"/>
</testsuite> <!-- android.ninetynine.ldp.enquiry.C1376_LDP_NoAcc_MustSee_GalleryEnquiry -->
