<?xml version="1.0" encoding="UTF-8"?>
<!-- Generated by org.testng.reporters.JUnitReportReporter -->
<testsuite name="com.telkomsel.android.vmp.test.TC046_Drop2_Regression_NonTsel_Sosmed" tests="1" time="262.819" ignored="0" failures="0" timestamp="21 Nov 2019 10:22:54 GMT" skipped="0" hostname="L-156170068" errors="0">
  <testcase name="TC040_Regression_NonTsel_Login" time="262.819" classname="com.telkomsel.android.vmp.test.TC046_Drop2_Regression_NonTsel_Sosmed"/>
</testsuite> <!-- com.telkomsel.android.vmp.test.TC046_Drop2_Regression_NonTsel_Sosmed -->
