<?xml version="1.0" encoding="UTF-8"?>
<!-- Generated by org.testng.reporters.JUnitReportReporter -->
<testsuite name="com.telkomsel.android.vmp.phase3.drop3.pubmatic.TC72_Drop1_Regression_Pubmatic_Preroll" tests="1" time="217.743" ignored="0" failures="0" timestamp="12 Feb 2020 07:48:10 GMT" skipped="0" hostname="L-156170068" errors="0">
  <testcase name="TC57_Pubmatic_Preroll_Series" time="217.743" classname="com.telkomsel.android.vmp.phase3.drop3.pubmatic.TC72_Drop1_Regression_Pubmatic_Preroll"/>
</testsuite> <!-- com.telkomsel.android.vmp.phase3.drop3.pubmatic.TC72_Drop1_Regression_Pubmatic_Preroll -->
