<?xml version="1.0" encoding="UTF-8"?>
<!-- Generated by org.testng.reporters.JUnitReportReporter -->
<testsuite name="com.telkomsel.android.vmp.test.TC145_Drop1_Regression_Hbo_Resume_Unlock" tests="1" time="207.818" ignored="0" failures="0" timestamp="25 Nov 2019 09:02:04 GMT" skipped="0" hostname="L-156170068" errors="0">
  <testcase name="TC144_Hbo_Resume_Background" time="207.818" classname="com.telkomsel.android.vmp.test.TC145_Drop1_Regression_Hbo_Resume_Unlock"/>
</testsuite> <!-- com.telkomsel.android.vmp.test.TC145_Drop1_Regression_Hbo_Resume_Unlock -->
