<?xml version="1.0" encoding="UTF-8"?>
<!-- Generated by org.testng.reporters.JUnitReportReporter -->
<testsuite name="com.telkomsel.android.vmp.test.TC113_Drop1_Regression_Hbo_Login_NonPack" tests="1" time="76.050" ignored="0" failures="0" timestamp="13 Nov 2019 04:21:44 GMT" skipped="0" hostname="L-156170068" errors="0">
  <testcase name="TC113_Hbo_Login_NonPack" time="76.050" classname="com.telkomsel.android.vmp.test.TC113_Drop1_Regression_Hbo_Login_NonPack"/>
</testsuite> <!-- com.telkomsel.android.vmp.test.TC113_Drop1_Regression_Hbo_Login_NonPack -->
