<?xml version="1.0" encoding="UTF-8"?>
<!-- Generated by org.testng.reporters.JUnitReportReporter -->
<testsuite name="android.ninetynine.pagerendering.C33420_PageRendering_SRP_LoginAgent" tests="1" time="205.922" ignored="0" failures="0" timestamp="30 Dec 2020 19:17:54 GMT" skipped="0" hostname="daniamrth" errors="0">
  <testcase name="C19_PageRendering_SRP_Login_Agent" time="205.922" classname="android.ninetynine.pagerendering.C33420_PageRendering_SRP_LoginAgent"/>
</testsuite> <!-- android.ninetynine.pagerendering.C33420_PageRendering_SRP_LoginAgent -->
