<?xml version="1.0" encoding="UTF-8"?>
<!-- Generated by org.testng.reporters.JUnitReportReporter -->
<testsuite name="android.ninetynine.enquiry.C1345_LDP_Ver_Reg_ChatEnquiry" tests="1" time="178.645" ignored="0" failures="0" timestamp="06 Dec 2020 19:14:12 GMT" skipped="0" hostname="daniamrth" errors="0">
  <testcase name="C1345_LDP_Ver_Reg_Chat_Enquiry" time="178.645" classname="android.ninetynine.enquiry.C1345_LDP_Ver_Reg_ChatEnquiry"/>
</testsuite> <!-- android.ninetynine.enquiry.C1345_LDP_Ver_Reg_ChatEnquiry -->
