<?xml version="1.0" encoding="UTF-8"?>
<!-- Generated by org.testng.reporters.JUnitReportReporter -->
<testsuite name="android.ninetynine.createlisting.C1406_CreateListing_MustSee_Condo" tests="1" time="235.278" ignored="0" failures="0" timestamp="11 Dec 2020 17:36:33 GMT" skipped="0" hostname="daniamrth" errors="0">
  <testcase name="C1406_CreateListing_MustSeeCondo" time="235.278" classname="android.ninetynine.createlisting.C1406_CreateListing_MustSee_Condo"/>
</testsuite> <!-- android.ninetynine.createlisting.C1406_CreateListing_MustSee_Condo -->
