<?xml version="1.0" encoding="UTF-8"?>
<!-- Generated by org.testng.reporters.JUnitReportReporter -->
<testsuite name="com.telkomsel.android.vmp.phase4.drop2.forgerock.TC296_Drop2_Regression_Login" tests="1" time="187.646" ignored="0" failures="0" timestamp="13 Feb 2020 09:23:35 GMT" skipped="0" hostname="L-156170068" errors="0">
  <testcase name="TC005_Drop2_InvalidNumber" time="187.646" classname="com.telkomsel.android.vmp.phase4.drop2.forgerock.TC296_Drop2_Regression_Login"/>
</testsuite> <!-- com.telkomsel.android.vmp.phase4.drop2.forgerock.TC296_Drop2_Regression_Login -->
