<?xml version="1.0" encoding="UTF-8"?>
<!-- Generated by org.testng.reporters.JUnitReportReporter -->
<testsuite ignored="0" hostname="IDMAC008s-MacBook-Pro.local" failures="0" tests="1" name="android.ninetynine.srp.enquiry.C1131_SRP_Unver_Reg_PhoneEnquiry" time="107.904" errors="0" timestamp="19 Feb 2021 07:38:00 GMT" skipped="0">
  <testcase classname="android.ninetynine.srp.enquiry.C1131_SRP_Unver_Reg_PhoneEnquiry" name="C1131_SRP_Unver_Reg_Phone_Enquiry" time="107.904"/>
</testsuite> <!-- android.ninetynine.srp.enquiry.C1131_SRP_Unver_Reg_PhoneEnquiry -->
