<?xml version="1.0" encoding="UTF-8"?>
<!-- Generated by org.testng.reporters.JUnitReportReporter -->
<testsuite name="com.telkomsel.android.vmp.test.TestcasePackages" tests="1" time="130.426" ignored="0" failures="0" timestamp="09 Oct 2019 08:12:15 GMT" skipped="0" hostname="L-156182171" errors="0">
  <testcase name="testSupportFAQ" time="130.426" classname="com.telkomsel.android.vmp.test.TestcasePackages"/>
</testsuite> <!-- com.telkomsel.android.vmp.test.TestcasePackages -->
