<?xml version="1.0" encoding="UTF-8"?>
<!-- Generated by org.testng.reporters.JUnitReportReporter -->
<testsuite name="com.telkomsel.android.vmp.test.TC71_Drop1_Regression_Pubmatic_Midroll_Banner" tests="1" time="126.101" ignored="0" failures="0" timestamp="18 Nov 2019 03:42:58 GMT" skipped="0" hostname="L-156170068" errors="0">
  <testcase name="TC71_Pubmatic_Midroll_Banner" time="126.101" classname="com.telkomsel.android.vmp.test.TC71_Drop1_Regression_Pubmatic_Midroll_Banner"/>
</testsuite> <!-- com.telkomsel.android.vmp.test.TC71_Drop1_Regression_Pubmatic_Midroll_Banner -->
