<?xml version="1.0" encoding="UTF-8"?>
<!-- Generated by org.testng.reporters.JUnitReportReporter -->
<testsuite name="android.ninetynine.enquiry.C1338_LDP_Ver_MustSee_ChatEnquiry" tests="1" time="158.204" ignored="0" failures="0" timestamp="25 Nov 2020 08:30:04 GMT" skipped="0" hostname="daniamrth" errors="0">
  <testcase name="C1338_LDP_Ver_MustSee_Chat_Enquiry" time="158.204" classname="android.ninetynine.enquiry.C1338_LDP_Ver_MustSee_ChatEnquiry"/>
</testsuite> <!-- android.ninetynine.enquiry.C1338_LDP_Ver_MustSee_ChatEnquiry -->
