<?xml version="1.0" encoding="UTF-8"?>
<!-- Generated by org.testng.reporters.JUnitReportReporter -->
<testsuite name="com.telkomsel.android.vmp.test.Remaining_credit" tests="1" time="98.118" ignored="0" failures="0" timestamp="09 Oct 2019 07:30:05 GMT" skipped="0" hostname="L-156182171" errors="0">
  <testcase name="testSupportFAQ" time="98.118" classname="com.telkomsel.android.vmp.test.Remaining_credit"/>
</testsuite> <!-- com.telkomsel.android.vmp.test.Remaining_credit -->
