<?xml version="1.0" encoding="UTF-8"?>
<!-- Generated by org.testng.reporters.JUnitReportReporter -->
<testsuite name="android.ninetynine.pagerendering.C4_PageRendering_Homepage_AgentLogin" tests="1" time="145.727" ignored="0" failures="0" timestamp="24 Dec 2020 10:55:10 GMT" skipped="0" hostname="daniamrth" errors="0">
  <testcase name="C4_PageRendering_Homepage_Agent_Login" time="145.727" classname="android.ninetynine.pagerendering.C4_PageRendering_Homepage_AgentLogin"/>
</testsuite> <!-- android.ninetynine.pagerendering.C4_PageRendering_Homepage_AgentLogin -->
