<?xml version="1.0" encoding="UTF-8"?>
<!-- Generated by org.testng.reporters.JUnitReportReporter -->
<testsuite name="com.telkomsel.android.vmp.test.TC08_Drop1_Regression_Facebook_Midroll" tests="1" time="169.175" ignored="0" failures="0" timestamp="18 Nov 2019 11:11:16 GMT" skipped="0" hostname="L-156170068" errors="0">
  <testcase name="TC08_Facebook_Preroll_Played" time="169.175" classname="com.telkomsel.android.vmp.test.TC08_Drop1_Regression_Facebook_Midroll"/>
</testsuite> <!-- com.telkomsel.android.vmp.test.TC08_Drop1_Regression_Facebook_Midroll -->
