<?xml version="1.0" encoding="UTF-8"?>
<!-- Generated by org.testng.reporters.JUnitReportReporter -->
<testsuite name="com.telkomsel.android.vmp.test.TC144_Drop1_Regression_Hbo_Resume_Background" tests="1" time="195.963" ignored="0" failures="0" timestamp="25 Nov 2019 08:44:19 GMT" skipped="0" hostname="L-156170068" errors="0">
  <testcase name="TC144_Hbo_Resume_Background" time="195.963" classname="com.telkomsel.android.vmp.test.TC144_Drop1_Regression_Hbo_Resume_Background"/>
</testsuite> <!-- com.telkomsel.android.vmp.test.TC144_Drop1_Regression_Hbo_Resume_Background -->
