<?xml version="1.0" encoding="UTF-8"?>
<!-- Generated by org.testng.reporters.JUnitReportReporter -->
<testsuite name="com.telkomsel.android.vmp.test.Group3_Regression_TestCases_BrowsePackages" tests="1" time="222.381" ignored="0" failures="0" timestamp="08 Oct 2019 10:19:15 GMT" skipped="0" hostname="L-156182171" errors="0">
  <testcase name="Test_Group3_Regression_TestCases_BrowsePackages" time="222.381" classname="com.telkomsel.android.vmp.test.Group3_Regression_TestCases_BrowsePackages"/>
</testsuite> <!-- com.telkomsel.android.vmp.test.Group3_Regression_TestCases_BrowsePackages -->
