<?xml version="1.0" encoding="UTF-8"?>
<!-- Generated by org.testng.reporters.JUnitReportReporter -->
<testsuite name="android.ninetynine.ldp.enquiry.C1380_Ldp_LoginVer_MustSee_PhoneEnquiry" tests="1" time="189.392" ignored="0" failures="0" timestamp="19 Dec 2020 18:10:35 GMT" skipped="0" hostname="daniamrth" errors="0">
  <testcase name="C1380_Ldp_LoginVer_MustSee_Phone_Enquiry" time="189.392" classname="android.ninetynine.ldp.enquiry.C1380_Ldp_LoginVer_MustSee_PhoneEnquiry"/>
</testsuite> <!-- android.ninetynine.ldp.enquiry.C1380_Ldp_LoginVer_MustSee_PhoneEnquiry -->
