<?xml version="1.0" encoding="UTF-8"?>
<!-- Generated by org.testng.reporters.JUnitReportReporter -->
<testsuite name="com.telkomsel.android.vmp.test.Group1_Regression_Post_Login_Prepaid_MyPackage" tests="1" time="190.309" ignored="0" failures="0" timestamp="11 Oct 2019 03:56:02 GMT" skipped="0" hostname="L-156182171" errors="0">
  <testcase name="test_my_package" time="190.309" classname="com.telkomsel.android.vmp.test.Group1_Regression_Post_Login_Prepaid_MyPackage"/>
</testsuite> <!-- com.telkomsel.android.vmp.test.Group1_Regression_Post_Login_Prepaid_MyPackage -->
