<?xml version="1.0" encoding="UTF-8"?>
<!-- Generated by org.testng.reporters.JUnitReportReporter -->
<testsuite name="com.telkomsel.android.vmp.test.ciam.TC019_Drop2_Regression_Twitter_Login" tests="1" time="118.569" ignored="0" failures="0" timestamp="28 Nov 2019 05:07:21 GMT" skipped="0" hostname="L-156170068" errors="0">
  <testcase name="TC19_Amobee_Preroll_Nonlogin" time="118.569" classname="com.telkomsel.android.vmp.test.ciam.TC019_Drop2_Regression_Twitter_Login"/>
</testsuite> <!-- com.telkomsel.android.vmp.test.ciam.TC019_Drop2_Regression_Twitter_Login -->
