<?xml version="1.0" encoding="UTF-8"?>
<!-- Generated by org.testng.reporters.JUnitReportReporter -->
<testsuite name="com.telkomsel.android.vmp.test.Group2_Regression_PreLoginBrowseFlow_VideoDetail" tests="1" time="140.523" ignored="0" failures="0" timestamp="07 Oct 2019 03:20:48 GMT" skipped="0" hostname="L-156182171" errors="0">
  <testcase name="Test_Regression_PreLoginBrowseFlow_VideoDetail" time="140.523" classname="com.telkomsel.android.vmp.test.Group2_Regression_PreLoginBrowseFlow_VideoDetail"/>
</testsuite> <!-- com.telkomsel.android.vmp.test.Group2_Regression_PreLoginBrowseFlow_VideoDetail -->
