<?xml version="1.0" encoding="UTF-8"?>
<!-- Generated by org.testng.reporters.JUnitReportReporter -->
<testsuite name="android.ninetynine.pagerendering.C9_PageRendering_LDP_MustSee_LoginUnver" tests="1" time="138.556" ignored="0" failures="0" timestamp="29 Dec 2020 15:17:27 GMT" skipped="0" hostname="daniamrth" errors="0">
  <testcase name="C9_PageRendering_LDP_MustSee_Login_Unver" time="138.556" classname="android.ninetynine.pagerendering.C9_PageRendering_LDP_MustSee_LoginUnver"/>
</testsuite> <!-- android.ninetynine.pagerendering.C9_PageRendering_LDP_MustSee_LoginUnver -->
