<?xml version="1.0" encoding="UTF-8"?>
<!-- Generated by org.testng.reporters.JUnitReportReporter -->
<testsuite name="android.ninetynine.pagerendering.C11_PageRendering_LDP_MustSee_LoginAgent" tests="1" time="228.138" ignored="0" failures="0" timestamp="29 Dec 2020 15:55:12 GMT" skipped="0" hostname="daniamrth" errors="0">
  <testcase name="C11_PageRendering_LDP_MustSee_Login_Agent" time="228.138" classname="android.ninetynine.pagerendering.C11_PageRendering_LDP_MustSee_LoginAgent"/>
</testsuite> <!-- android.ninetynine.pagerendering.C11_PageRendering_LDP_MustSee_LoginAgent -->
