<?xml version="1.0" encoding="UTF-8"?>
<!-- Generated by org.testng.reporters.JUnitReportReporter -->
<testsuite name="com.telkomsel.android.vmp.test.TC28_Drop1_Regression_Share_Twitter" tests="1" time="106.768" ignored="0" failures="0" timestamp="18 Nov 2019 10:48:20 GMT" skipped="0" hostname="L-156170068" errors="0">
  <testcase name="TC28_Content_Share_Twitter" time="106.768" classname="com.telkomsel.android.vmp.test.TC28_Drop1_Regression_Share_Twitter"/>
</testsuite> <!-- com.telkomsel.android.vmp.test.TC28_Drop1_Regression_Share_Twitter -->
